2023-10-14 11:22:52.442 +02:00  DBG  Registered model binder providers, in the following order: ["Microsoft.AspNetCore.Mvc.ModelBinding.Binders.BinderTypeModelBinderProvider","Microsoft.AspNetCore.Mvc.ModelBinding.Binders.ServicesModelBinderProvider","Microsoft.AspNetCore.Mvc.ModelBinding.Binders.BodyModelBinderProvider","Microsoft.AspNetCore.Mvc.ModelBinding.Binders.HeaderModelBinderProvider","Microsoft.AspNetCore.Mvc.ModelBinding.Binders.FloatingPointTypeModelBinderProvider","Microsoft.AspNetCore.Mvc.ModelBinding.Binders.EnumTypeModelBinderProvider","Microsoft.AspNetCore.Mvc.ModelBinding.Binders.DateTimeModelBinderProvider","Microsoft.AspNetCore.Mvc.ModelBinding.Binders.SimpleTypeModelBinderProvider","Microsoft.AspNetCore.Mvc.ModelBinding.Binders.TryParseModelBinderProvider","Microsoft.AspNetCore.Mvc.ModelBinding.Binders.CancellationTokenModelBinderProvider","Microsoft.AspNetCore.Mvc.ModelBinding.Binders.ByteArrayModelBinderProvider","Microsoft.AspNetCore.Mvc.ModelBinding.Binders.FormFileModelBinderProvider","Microsoft.AspNetCore.Mvc.ModelBinding.Binders.FormCollectionModelBinderProvider","Microsoft.AspNetCore.Mvc.ModelBinding.Binders.KeyValuePairModelBinderProvider","Microsoft.AspNetCore.Mvc.ModelBinding.Binders.DictionaryModelBinderProvider","Microsoft.AspNetCore.Mvc.ModelBinding.Binders.ArrayModelBinderProvider","Microsoft.AspNetCore.Mvc.ModelBinding.Binders.CollectionModelBinderProvider","Microsoft.AspNetCore.Mvc.ModelBinding.Binders.ComplexObjectModelBinderProvider"]
2023-10-14 11:23:14.032 +02:00  DBG  Registered model binder providers, in the following order: ["Microsoft.AspNetCore.Mvc.ModelBinding.Binders.BinderTypeModelBinderProvider","Microsoft.AspNetCore.Mvc.ModelBinding.Binders.ServicesModelBinderProvider","Microsoft.AspNetCore.Mvc.ModelBinding.Binders.BodyModelBinderProvider","Microsoft.AspNetCore.Mvc.ModelBinding.Binders.HeaderModelBinderProvider","Microsoft.AspNetCore.Mvc.ModelBinding.Binders.FloatingPointTypeModelBinderProvider","Microsoft.AspNetCore.Mvc.ModelBinding.Binders.EnumTypeModelBinderProvider","Microsoft.AspNetCore.Mvc.ModelBinding.Binders.DateTimeModelBinderProvider","Microsoft.AspNetCore.Mvc.ModelBinding.Binders.SimpleTypeModelBinderProvider","Microsoft.AspNetCore.Mvc.ModelBinding.Binders.TryParseModelBinderProvider","Microsoft.AspNetCore.Mvc.ModelBinding.Binders.CancellationTokenModelBinderProvider","Microsoft.AspNetCore.Mvc.ModelBinding.Binders.ByteArrayModelBinderProvider","Microsoft.AspNetCore.Mvc.ModelBinding.Binders.FormFileModelBinderProvider","Microsoft.AspNetCore.Mvc.ModelBinding.Binders.FormCollectionModelBinderProvider","Microsoft.AspNetCore.Mvc.ModelBinding.Binders.KeyValuePairModelBinderProvider","Microsoft.AspNetCore.Mvc.ModelBinding.Binders.DictionaryModelBinderProvider","Microsoft.AspNetCore.Mvc.ModelBinding.Binders.ArrayModelBinderProvider","Microsoft.AspNetCore.Mvc.ModelBinding.Binders.CollectionModelBinderProvider","Microsoft.AspNetCore.Mvc.ModelBinding.Binders.ComplexObjectModelBinderProvider"]
2023-10-14 11:23:14.340 +02:00  DBG  An 'IServiceProvider' was created for internal use by Entity Framework.
2023-10-14 11:23:15.835 +02:00  DBG  Entity Framework Core 7.0.11 initialized 'InfoEcoDbContext' using provider 'Npgsql.EntityFrameworkCore.PostgreSQL:7.0.11+c25a0d7b68d66c6ab3849a3b4333964faea6adc9' with options: None
2023-10-14 11:23:15.843 +02:00  DBG  Creating DbConnection.
2023-10-14 11:23:17.267 +02:00  DBG  Created DbConnection. (1422ms).
2023-10-14 11:23:17.271 +02:00  DBG  Migrating using database 'pmjmvgha' on server ''.
2023-10-14 11:23:17.651 +02:00  DBG  Opening connection to database 'pmjmvgha' on server ''.
2023-10-14 11:23:20.905 +02:00  DBG  Opened connection to database 'pmjmvgha' on server 'tcp://snuffleupagus.db.elephantsql.com:5432'.
2023-10-14 11:23:20.906 +02:00  DBG  Closing connection to database 'pmjmvgha' on server 'tcp://snuffleupagus.db.elephantsql.com:5432'.
2023-10-14 11:23:20.915 +02:00  DBG  Closed connection to database 'pmjmvgha' on server '' (5ms).
2023-10-14 11:23:20.919 +02:00  DBG  Creating DbCommand for 'ExecuteScalar'.
2023-10-14 11:23:20.924 +02:00  DBG  Created DbCommand for 'ExecuteScalar' (2ms).
2023-10-14 11:23:20.925 +02:00  DBG  Initialized DbCommand for 'ExecuteScalar' (6ms).
2023-10-14 11:23:20.925 +02:00  DBG  Opening connection to database 'pmjmvgha' on server ''.
2023-10-14 11:23:21.279 +02:00  DBG  Opened connection to database 'pmjmvgha' on server 'tcp://snuffleupagus.db.elephantsql.com:5432'.
2023-10-14 11:23:21.285 +02:00  DBG  Executing DbCommand [Parameters=[], CommandType='"Text"', CommandTimeout='30']
SELECT EXISTS (
    SELECT 1 FROM pg_catalog.pg_class c
    JOIN pg_catalog.pg_namespace n ON n.oid=c.relnamespace
    WHERE n.nspname='public' AND
          c.relname='__EFMigrationsHistory'
)
2023-10-14 11:23:21.358 +02:00  INF  Executed DbCommand (74ms) [Parameters=[], CommandType='"Text"', CommandTimeout='30']
SELECT EXISTS (
    SELECT 1 FROM pg_catalog.pg_class c
    JOIN pg_catalog.pg_namespace n ON n.oid=c.relnamespace
    WHERE n.nspname='public' AND
          c.relname='__EFMigrationsHistory'
)
2023-10-14 11:23:21.359 +02:00  DBG  Closing connection to database 'pmjmvgha' on server 'tcp://snuffleupagus.db.elephantsql.com:5432'.
2023-10-14 11:23:21.361 +02:00  DBG  Closed connection to database 'pmjmvgha' on server '' (1ms).
2023-10-14 11:23:21.362 +02:00  DBG  Opening connection to database 'pmjmvgha' on server ''.
2023-10-14 11:23:21.650 +02:00  DBG  Opened connection to database 'pmjmvgha' on server 'tcp://snuffleupagus.db.elephantsql.com:5432'.
2023-10-14 11:23:21.650 +02:00  DBG  Closing connection to database 'pmjmvgha' on server 'tcp://snuffleupagus.db.elephantsql.com:5432'.
2023-10-14 11:23:21.650 +02:00  DBG  Closed connection to database 'pmjmvgha' on server '' (0ms).
2023-10-14 11:23:21.651 +02:00  DBG  Creating DbCommand for 'ExecuteScalar'.
2023-10-14 11:23:21.651 +02:00  DBG  Created DbCommand for 'ExecuteScalar' (0ms).
2023-10-14 11:23:21.651 +02:00  DBG  Initialized DbCommand for 'ExecuteScalar' (0ms).
2023-10-14 11:23:21.651 +02:00  DBG  Opening connection to database 'pmjmvgha' on server ''.
2023-10-14 11:23:21.651 +02:00  DBG  Opened connection to database 'pmjmvgha' on server 'tcp://snuffleupagus.db.elephantsql.com:5432'.
2023-10-14 11:23:21.652 +02:00  DBG  Executing DbCommand [Parameters=[], CommandType='"Text"', CommandTimeout='30']
SELECT EXISTS (
    SELECT 1 FROM pg_catalog.pg_class c
    JOIN pg_catalog.pg_namespace n ON n.oid=c.relnamespace
    WHERE n.nspname='public' AND
          c.relname='__EFMigrationsHistory'
)
2023-10-14 11:23:21.698 +02:00  INF  Executed DbCommand (46ms) [Parameters=[], CommandType='"Text"', CommandTimeout='30']
SELECT EXISTS (
    SELECT 1 FROM pg_catalog.pg_class c
    JOIN pg_catalog.pg_namespace n ON n.oid=c.relnamespace
    WHERE n.nspname='public' AND
          c.relname='__EFMigrationsHistory'
)
2023-10-14 11:23:21.698 +02:00  DBG  Closing connection to database 'pmjmvgha' on server 'tcp://snuffleupagus.db.elephantsql.com:5432'.
2023-10-14 11:23:21.698 +02:00  DBG  Closed connection to database 'pmjmvgha' on server '' (0ms).
2023-10-14 11:23:21.714 +02:00  DBG  Creating DbCommand for 'ExecuteReader'.
2023-10-14 11:23:21.714 +02:00  DBG  Created DbCommand for 'ExecuteReader' (0ms).
2023-10-14 11:23:21.714 +02:00  DBG  Initialized DbCommand for 'ExecuteReader' (0ms).
2023-10-14 11:23:21.714 +02:00  DBG  Opening connection to database 'pmjmvgha' on server ''.
2023-10-14 11:23:21.714 +02:00  DBG  Opened connection to database 'pmjmvgha' on server 'tcp://snuffleupagus.db.elephantsql.com:5432'.
2023-10-14 11:23:21.714 +02:00  DBG  Executing DbCommand [Parameters=[], CommandType='"Text"', CommandTimeout='30']
SELECT "MigrationId", "ProductVersion"
FROM "__EFMigrationsHistory"
ORDER BY "MigrationId";
2023-10-14 11:23:21.763 +02:00  INF  Executed DbCommand (49ms) [Parameters=[], CommandType='"Text"', CommandTimeout='30']
SELECT "MigrationId", "ProductVersion"
FROM "__EFMigrationsHistory"
ORDER BY "MigrationId";
2023-10-14 11:23:21.767 +02:00  DBG  Closing data reader to 'pmjmvgha' on server 'tcp://snuffleupagus.db.elephantsql.com:5432'.
2023-10-14 11:23:21.768 +02:00  DBG  A data reader for 'pmjmvgha' on server 'tcp://snuffleupagus.db.elephantsql.com:5432' is being disposed after spending 4ms reading results.
2023-10-14 11:23:21.769 +02:00  DBG  Closing connection to database 'pmjmvgha' on server 'tcp://snuffleupagus.db.elephantsql.com:5432'.
2023-10-14 11:23:21.769 +02:00  DBG  Closed connection to database 'pmjmvgha' on server '' (0ms).
2023-10-14 11:23:21.776 +02:00  INF  No migrations were applied. The database is already up to date.
2023-10-14 11:23:21.778 +02:00  DBG  'InfoEcoDbContext' disposed.
2023-10-14 11:23:21.779 +02:00  DBG  Disposing connection to database 'pmjmvgha' on server ''.
2023-10-14 11:23:21.780 +02:00  DBG  Disposed connection to database 'pmjmvgha' on server '' (0ms).
2023-10-14 11:23:21.782 +02:00  DBG  Hosting starting
2023-10-14 11:23:23.789 +02:00  INF  User profile is available. Using 'C:\Users\fdepret\AppData\Local\ASP.NET\DataProtection-Keys' as key repository and Windows DPAPI to encrypt keys at rest.
2023-10-14 11:23:23.797 +02:00  DBG  Reading data from file 'C:\Users\fdepret\AppData\Local\ASP.NET\DataProtection-Keys\key-2ce4c23f-757b-4029-95d3-9c9820e6de80.xml'.
2023-10-14 11:23:23.808 +02:00  DBG  Reading data from file 'C:\Users\fdepret\AppData\Local\ASP.NET\DataProtection-Keys\key-6921759b-a9f9-48ea-a379-13505875271d.xml'.
2023-10-14 11:23:23.815 +02:00  DBG  Reading data from file 'C:\Users\fdepret\AppData\Local\ASP.NET\DataProtection-Keys\key-7c4081c7-f341-4ce9-ad03-d3ea3cf1c21f.xml'.
2023-10-14 11:23:23.821 +02:00  DBG  Reading data from file 'C:\Users\fdepret\AppData\Local\ASP.NET\DataProtection-Keys\key-a038200a-44f7-48da-9d2b-5646ef68d51f.xml'.
2023-10-14 11:23:23.828 +02:00  DBG  Reading data from file 'C:\Users\fdepret\AppData\Local\ASP.NET\DataProtection-Keys\key-a642139e-629a-42ab-b89a-38ed4778f2e0.xml'.
2023-10-14 11:23:23.833 +02:00  DBG  Reading data from file 'C:\Users\fdepret\AppData\Local\ASP.NET\DataProtection-Keys\key-b1a02c3b-a417-45ff-ac5c-986fca4cdd22.xml'.
2023-10-14 11:23:23.838 +02:00  DBG  Reading data from file 'C:\Users\fdepret\AppData\Local\ASP.NET\DataProtection-Keys\key-b5a22f60-a6fe-488b-8048-b8d1034bef7d.xml'.
2023-10-14 11:23:23.844 +02:00  DBG  Reading data from file 'C:\Users\fdepret\AppData\Local\ASP.NET\DataProtection-Keys\key-b8996f88-e69f-41d1-b4d3-e7b15b37a5e2.xml'.
2023-10-14 11:23:23.853 +02:00  DBG  Found key {2ce4c23f-757b-4029-95d3-9c9820e6de80}.
2023-10-14 11:23:23.856 +02:00  DBG  Found key {6921759b-a9f9-48ea-a379-13505875271d}.
2023-10-14 11:23:23.857 +02:00  DBG  Found key {7c4081c7-f341-4ce9-ad03-d3ea3cf1c21f}.
2023-10-14 11:23:23.857 +02:00  DBG  Found key {a038200a-44f7-48da-9d2b-5646ef68d51f}.
2023-10-14 11:23:23.857 +02:00  DBG  Found key {a642139e-629a-42ab-b89a-38ed4778f2e0}.
2023-10-14 11:23:23.857 +02:00  DBG  Found key {b1a02c3b-a417-45ff-ac5c-986fca4cdd22}.
2023-10-14 11:23:23.857 +02:00  DBG  Found key {b5a22f60-a6fe-488b-8048-b8d1034bef7d}.
2023-10-14 11:23:23.857 +02:00  DBG  Found key {b8996f88-e69f-41d1-b4d3-e7b15b37a5e2}.
2023-10-14 11:23:23.862 +02:00  DBG  Considering key {6921759b-a9f9-48ea-a379-13505875271d} with expiration date 2023-11-22 12:55:42Z as default key.
2023-10-14 11:23:23.865 +02:00  DBG  Forwarded activator type request from Microsoft.AspNetCore.DataProtection.XmlEncryption.DpapiXmlDecryptor, Microsoft.AspNetCore.DataProtection, Version=6.0.0.0, Culture=neutral, PublicKeyToken=adb9793829ddae60 to Microsoft.AspNetCore.DataProtection.XmlEncryption.DpapiXmlDecryptor, Microsoft.AspNetCore.DataProtection, Culture=neutral, PublicKeyToken=adb9793829ddae60
2023-10-14 11:23:23.866 +02:00  DBG  Decrypting secret element using Windows DPAPI.
2023-10-14 11:23:23.868 +02:00  DBG  Forwarded activator type request from Microsoft.AspNetCore.DataProtection.AuthenticatedEncryption.ConfigurationModel.AuthenticatedEncryptorDescriptorDeserializer, Microsoft.AspNetCore.DataProtection, Version=6.0.0.0, Culture=neutral, PublicKeyToken=adb9793829ddae60 to Microsoft.AspNetCore.DataProtection.AuthenticatedEncryption.ConfigurationModel.AuthenticatedEncryptorDescriptorDeserializer, Microsoft.AspNetCore.DataProtection, Culture=neutral, PublicKeyToken=adb9793829ddae60
2023-10-14 11:23:23.870 +02:00  DBG  Opening CNG algorithm 'AES' from provider 'null' with chaining mode CBC.
2023-10-14 11:23:23.871 +02:00  DBG  Opening CNG algorithm 'SHA256' from provider 'null' with HMAC.
2023-10-14 11:23:23.872 +02:00  DBG  Using key {6921759b-a9f9-48ea-a379-13505875271d} as the default key.
2023-10-14 11:23:23.873 +02:00  DBG  Key ring with default key {6921759b-a9f9-48ea-a379-13505875271d} was loaded during application startup.
2023-10-14 11:23:27.061 +02:00  DBG  Loaded hosting startup assembly Infeco.Api
2023-10-14 11:23:27.062 +02:00  DBG  Loaded hosting startup assembly Microsoft.AspNetCore.Watch.BrowserRefresh
2023-10-14 11:23:27.062 +02:00  DBG  Loaded hosting startup assembly Microsoft.WebTools.BrowserLink.Net
2023-10-14 11:23:27.068 +02:00  INF  Application started. Press Ctrl+C to shut down.
2023-10-14 11:23:27.068 +02:00  INF  Hosting environment: Development
2023-10-14 11:23:27.068 +02:00  INF  Content root path: C:\Users\fdepret\source\repos\Infeco.api\Infeco.api
2023-10-14 11:23:27.068 +02:00  DBG  Hosting started
2023-10-14 11:23:27.929 +02:00  INF  Request starting HTTP/2 GET https://localhost:44375/index.html - -
2023-10-14 11:23:28.748 +02:00  DBG  Wildcard detected, all requests with hosts will be allowed.
2023-10-14 11:23:28.779 +02:00  DBG  No candidates found for the request path '/index.html'
2023-10-14 11:23:28.780 +02:00  DBG  Request did not match any endpoints
2023-10-14 11:23:30.097 +02:00  DBG  AuthenticationScheme: Bearer was not authenticated.
2023-10-14 11:23:30.988 +02:00  DBG  Response markup is scheduled to include browser refresh script injection.
2023-10-14 11:23:33.794 +02:00  DBG  Response markup was updated to include browser refresh script injection.
2023-10-14 11:23:33.809 +02:00  DBG  Connection ID "18374686524231909377" disconnecting.
2023-10-14 11:23:33.810 +02:00  INF  Request starting HTTP/2 GET https://localhost:44375/_framework/aspnetcore-browser-refresh.js - -
2023-10-14 11:23:33.812 +02:00  INF  Request finished HTTP/2 GET https://localhost:44375/index.html - - - 200 - text/html;charset=utf-8 5882.6286ms
2023-10-14 11:23:33.823 +02:00  DBG  Connection ID "18374686515641974788" disconnecting.
2023-10-14 11:23:33.823 +02:00  INF  Request finished HTTP/2 GET https://localhost:44375/_framework/aspnetcore-browser-refresh.js - - - 200 12352 application/javascript;+charset=utf-8 6.3836ms
2023-10-14 11:23:34.064 +02:00  INF  Request starting HTTP/2 GET https://localhost:44375/swagger/v1/swagger.json - -
2023-10-14 11:23:34.066 +02:00  DBG  No candidates found for the request path '/swagger/v1/swagger.json'
2023-10-14 11:23:34.066 +02:00  DBG  Request did not match any endpoints
2023-10-14 11:23:34.068 +02:00  DBG  AuthenticationScheme: Bearer was not authenticated.
2023-10-14 11:23:34.254 +02:00  DBG  Connection ID "18374686515641974790" disconnecting.
2023-10-14 11:23:34.255 +02:00  INF  Request finished HTTP/2 GET https://localhost:44375/swagger/v1/swagger.json - - - 200 - application/json;charset=utf-8 190.1491ms
2023-10-14 19:26:32.226 +02:00  DBG  Registered model binder providers, in the following order: ["Microsoft.AspNetCore.Mvc.ModelBinding.Binders.BinderTypeModelBinderProvider","Microsoft.AspNetCore.Mvc.ModelBinding.Binders.ServicesModelBinderProvider","Microsoft.AspNetCore.Mvc.ModelBinding.Binders.BodyModelBinderProvider","Microsoft.AspNetCore.Mvc.ModelBinding.Binders.HeaderModelBinderProvider","Microsoft.AspNetCore.Mvc.ModelBinding.Binders.FloatingPointTypeModelBinderProvider","Microsoft.AspNetCore.Mvc.ModelBinding.Binders.EnumTypeModelBinderProvider","Microsoft.AspNetCore.Mvc.ModelBinding.Binders.DateTimeModelBinderProvider","Microsoft.AspNetCore.Mvc.ModelBinding.Binders.SimpleTypeModelBinderProvider","Microsoft.AspNetCore.Mvc.ModelBinding.Binders.TryParseModelBinderProvider","Microsoft.AspNetCore.Mvc.ModelBinding.Binders.CancellationTokenModelBinderProvider","Microsoft.AspNetCore.Mvc.ModelBinding.Binders.ByteArrayModelBinderProvider","Microsoft.AspNetCore.Mvc.ModelBinding.Binders.FormFileModelBinderProvider","Microsoft.AspNetCore.Mvc.ModelBinding.Binders.FormCollectionModelBinderProvider","Microsoft.AspNetCore.Mvc.ModelBinding.Binders.KeyValuePairModelBinderProvider","Microsoft.AspNetCore.Mvc.ModelBinding.Binders.DictionaryModelBinderProvider","Microsoft.AspNetCore.Mvc.ModelBinding.Binders.ArrayModelBinderProvider","Microsoft.AspNetCore.Mvc.ModelBinding.Binders.CollectionModelBinderProvider","Microsoft.AspNetCore.Mvc.ModelBinding.Binders.ComplexObjectModelBinderProvider"]
2023-10-14 19:26:32.678 +02:00  DBG  An 'IServiceProvider' was created for internal use by Entity Framework.
2023-10-14 19:26:33.909 +02:00  DBG  Entity Framework Core 7.0.11 initialized 'InfoEcoDbContext' using provider 'Npgsql.EntityFrameworkCore.PostgreSQL:7.0.11+c25a0d7b68d66c6ab3849a3b4333964faea6adc9' with options: None
2023-10-14 19:26:33.921 +02:00  DBG  Creating DbConnection.
2023-10-14 19:26:34.016 +02:00  DBG  Created DbConnection. (88ms).
2023-10-14 19:26:34.028 +02:00  DBG  Migrating using database 'pmjmvgha' on server ''.
2023-10-14 19:26:34.058 +02:00  DBG  Opening connection to database 'pmjmvgha' on server ''.
2023-10-14 19:26:34.864 +02:00  DBG  Opened connection to database 'pmjmvgha' on server 'tcp://snuffleupagus.db.elephantsql.com:5432'.
2023-10-14 19:26:34.866 +02:00  DBG  Closing connection to database 'pmjmvgha' on server 'tcp://snuffleupagus.db.elephantsql.com:5432'.
2023-10-14 19:26:34.875 +02:00  DBG  Closed connection to database 'pmjmvgha' on server '' (5ms).
2023-10-14 19:26:34.881 +02:00  DBG  Creating DbCommand for 'ExecuteScalar'.
2023-10-14 19:26:34.885 +02:00  DBG  Created DbCommand for 'ExecuteScalar' (3ms).
2023-10-14 19:26:34.887 +02:00  DBG  Initialized DbCommand for 'ExecuteScalar' (7ms).
2023-10-14 19:26:34.887 +02:00  DBG  Opening connection to database 'pmjmvgha' on server ''.
2023-10-14 19:26:35.247 +02:00  DBG  Opened connection to database 'pmjmvgha' on server 'tcp://snuffleupagus.db.elephantsql.com:5432'.
2023-10-14 19:26:35.253 +02:00  DBG  Executing DbCommand [Parameters=[], CommandType='"Text"', CommandTimeout='30']
SELECT EXISTS (
    SELECT 1 FROM pg_catalog.pg_class c
    JOIN pg_catalog.pg_namespace n ON n.oid=c.relnamespace
    WHERE n.nspname='public' AND
          c.relname='__EFMigrationsHistory'
)
2023-10-14 19:26:35.329 +02:00  INF  Executed DbCommand (77ms) [Parameters=[], CommandType='"Text"', CommandTimeout='30']
SELECT EXISTS (
    SELECT 1 FROM pg_catalog.pg_class c
    JOIN pg_catalog.pg_namespace n ON n.oid=c.relnamespace
    WHERE n.nspname='public' AND
          c.relname='__EFMigrationsHistory'
)
2023-10-14 19:26:35.330 +02:00  DBG  Closing connection to database 'pmjmvgha' on server 'tcp://snuffleupagus.db.elephantsql.com:5432'.
2023-10-14 19:26:35.331 +02:00  DBG  Closed connection to database 'pmjmvgha' on server '' (1ms).
2023-10-14 19:26:35.332 +02:00  DBG  Opening connection to database 'pmjmvgha' on server ''.
2023-10-14 19:26:35.626 +02:00  DBG  Opened connection to database 'pmjmvgha' on server 'tcp://snuffleupagus.db.elephantsql.com:5432'.
2023-10-14 19:26:35.626 +02:00  DBG  Closing connection to database 'pmjmvgha' on server 'tcp://snuffleupagus.db.elephantsql.com:5432'.
2023-10-14 19:26:35.627 +02:00  DBG  Closed connection to database 'pmjmvgha' on server '' (0ms).
2023-10-14 19:26:35.627 +02:00  DBG  Creating DbCommand for 'ExecuteScalar'.
2023-10-14 19:26:35.627 +02:00  DBG  Created DbCommand for 'ExecuteScalar' (0ms).
2023-10-14 19:26:35.627 +02:00  DBG  Initialized DbCommand for 'ExecuteScalar' (0ms).
2023-10-14 19:26:35.627 +02:00  DBG  Opening connection to database 'pmjmvgha' on server ''.
2023-10-14 19:26:35.628 +02:00  DBG  Opened connection to database 'pmjmvgha' on server 'tcp://snuffleupagus.db.elephantsql.com:5432'.
2023-10-14 19:26:35.628 +02:00  DBG  Executing DbCommand [Parameters=[], CommandType='"Text"', CommandTimeout='30']
SELECT EXISTS (
    SELECT 1 FROM pg_catalog.pg_class c
    JOIN pg_catalog.pg_namespace n ON n.oid=c.relnamespace
    WHERE n.nspname='public' AND
          c.relname='__EFMigrationsHistory'
)
2023-10-14 19:26:35.673 +02:00  INF  Executed DbCommand (44ms) [Parameters=[], CommandType='"Text"', CommandTimeout='30']
SELECT EXISTS (
    SELECT 1 FROM pg_catalog.pg_class c
    JOIN pg_catalog.pg_namespace n ON n.oid=c.relnamespace
    WHERE n.nspname='public' AND
          c.relname='__EFMigrationsHistory'
)
2023-10-14 19:26:35.673 +02:00  DBG  Closing connection to database 'pmjmvgha' on server 'tcp://snuffleupagus.db.elephantsql.com:5432'.
2023-10-14 19:26:35.673 +02:00  DBG  Closed connection to database 'pmjmvgha' on server '' (0ms).
2023-10-14 19:26:35.695 +02:00  DBG  Creating DbCommand for 'ExecuteReader'.
2023-10-14 19:26:35.695 +02:00  DBG  Created DbCommand for 'ExecuteReader' (0ms).
2023-10-14 19:26:35.696 +02:00  DBG  Initialized DbCommand for 'ExecuteReader' (0ms).
2023-10-14 19:26:35.696 +02:00  DBG  Opening connection to database 'pmjmvgha' on server ''.
2023-10-14 19:26:35.696 +02:00  DBG  Opened connection to database 'pmjmvgha' on server 'tcp://snuffleupagus.db.elephantsql.com:5432'.
2023-10-14 19:26:35.696 +02:00  DBG  Executing DbCommand [Parameters=[], CommandType='"Text"', CommandTimeout='30']
SELECT "MigrationId", "ProductVersion"
FROM "__EFMigrationsHistory"
ORDER BY "MigrationId";
2023-10-14 19:26:35.801 +02:00  INF  Executed DbCommand (104ms) [Parameters=[], CommandType='"Text"', CommandTimeout='30']
SELECT "MigrationId", "ProductVersion"
FROM "__EFMigrationsHistory"
ORDER BY "MigrationId";
2023-10-14 19:26:35.804 +02:00  DBG  Closing data reader to 'pmjmvgha' on server 'tcp://snuffleupagus.db.elephantsql.com:5432'.
2023-10-14 19:26:35.806 +02:00  DBG  A data reader for 'pmjmvgha' on server 'tcp://snuffleupagus.db.elephantsql.com:5432' is being disposed after spending 4ms reading results.
2023-10-14 19:26:35.806 +02:00  DBG  Closing connection to database 'pmjmvgha' on server 'tcp://snuffleupagus.db.elephantsql.com:5432'.
2023-10-14 19:26:35.806 +02:00  DBG  Closed connection to database 'pmjmvgha' on server '' (0ms).
2023-10-14 19:26:35.815 +02:00  INF  No migrations were applied. The database is already up to date.
2023-10-14 19:26:35.816 +02:00  DBG  'InfoEcoDbContext' disposed.
2023-10-14 19:26:35.818 +02:00  DBG  Disposing connection to database 'pmjmvgha' on server ''.
2023-10-14 19:26:35.819 +02:00  DBG  Disposed connection to database 'pmjmvgha' on server '' (0ms).
2023-10-14 19:26:35.821 +02:00  DBG  Hosting starting
2023-10-14 19:26:35.858 +02:00  INF  User profile is available. Using 'C:\Users\fdepret\AppData\Local\ASP.NET\DataProtection-Keys' as key repository and Windows DPAPI to encrypt keys at rest.
2023-10-14 19:26:35.864 +02:00  DBG  Reading data from file 'C:\Users\fdepret\AppData\Local\ASP.NET\DataProtection-Keys\key-2ce4c23f-757b-4029-95d3-9c9820e6de80.xml'.
2023-10-14 19:26:35.875 +02:00  DBG  Reading data from file 'C:\Users\fdepret\AppData\Local\ASP.NET\DataProtection-Keys\key-6921759b-a9f9-48ea-a379-13505875271d.xml'.
2023-10-14 19:26:35.876 +02:00  DBG  Reading data from file 'C:\Users\fdepret\AppData\Local\ASP.NET\DataProtection-Keys\key-7c4081c7-f341-4ce9-ad03-d3ea3cf1c21f.xml'.
2023-10-14 19:26:35.877 +02:00  DBG  Reading data from file 'C:\Users\fdepret\AppData\Local\ASP.NET\DataProtection-Keys\key-a038200a-44f7-48da-9d2b-5646ef68d51f.xml'.
2023-10-14 19:26:35.878 +02:00  DBG  Reading data from file 'C:\Users\fdepret\AppData\Local\ASP.NET\DataProtection-Keys\key-a642139e-629a-42ab-b89a-38ed4778f2e0.xml'.
2023-10-14 19:26:35.879 +02:00  DBG  Reading data from file 'C:\Users\fdepret\AppData\Local\ASP.NET\DataProtection-Keys\key-b1a02c3b-a417-45ff-ac5c-986fca4cdd22.xml'.
2023-10-14 19:26:35.880 +02:00  DBG  Reading data from file 'C:\Users\fdepret\AppData\Local\ASP.NET\DataProtection-Keys\key-b5a22f60-a6fe-488b-8048-b8d1034bef7d.xml'.
2023-10-14 19:26:35.880 +02:00  DBG  Reading data from file 'C:\Users\fdepret\AppData\Local\ASP.NET\DataProtection-Keys\key-b8996f88-e69f-41d1-b4d3-e7b15b37a5e2.xml'.
2023-10-14 19:26:35.887 +02:00  DBG  Found key {2ce4c23f-757b-4029-95d3-9c9820e6de80}.
2023-10-14 19:26:35.895 +02:00  DBG  Found key {6921759b-a9f9-48ea-a379-13505875271d}.
2023-10-14 19:26:35.895 +02:00  DBG  Found key {7c4081c7-f341-4ce9-ad03-d3ea3cf1c21f}.
2023-10-14 19:26:35.895 +02:00  DBG  Found key {a038200a-44f7-48da-9d2b-5646ef68d51f}.
2023-10-14 19:26:35.895 +02:00  DBG  Found key {a642139e-629a-42ab-b89a-38ed4778f2e0}.
2023-10-14 19:26:35.896 +02:00  DBG  Found key {b1a02c3b-a417-45ff-ac5c-986fca4cdd22}.
2023-10-14 19:26:35.896 +02:00  DBG  Found key {b5a22f60-a6fe-488b-8048-b8d1034bef7d}.
2023-10-14 19:26:35.896 +02:00  DBG  Found key {b8996f88-e69f-41d1-b4d3-e7b15b37a5e2}.
2023-10-14 19:26:35.908 +02:00  DBG  Considering key {6921759b-a9f9-48ea-a379-13505875271d} with expiration date 2023-11-22 12:55:42Z as default key.
2023-10-14 19:26:35.912 +02:00  DBG  Forwarded activator type request from Microsoft.AspNetCore.DataProtection.XmlEncryption.DpapiXmlDecryptor, Microsoft.AspNetCore.DataProtection, Version=6.0.0.0, Culture=neutral, PublicKeyToken=adb9793829ddae60 to Microsoft.AspNetCore.DataProtection.XmlEncryption.DpapiXmlDecryptor, Microsoft.AspNetCore.DataProtection, Culture=neutral, PublicKeyToken=adb9793829ddae60
2023-10-14 19:26:35.913 +02:00  DBG  Decrypting secret element using Windows DPAPI.
2023-10-14 19:26:35.915 +02:00  DBG  Forwarded activator type request from Microsoft.AspNetCore.DataProtection.AuthenticatedEncryption.ConfigurationModel.AuthenticatedEncryptorDescriptorDeserializer, Microsoft.AspNetCore.DataProtection, Version=6.0.0.0, Culture=neutral, PublicKeyToken=adb9793829ddae60 to Microsoft.AspNetCore.DataProtection.AuthenticatedEncryption.ConfigurationModel.AuthenticatedEncryptorDescriptorDeserializer, Microsoft.AspNetCore.DataProtection, Culture=neutral, PublicKeyToken=adb9793829ddae60
2023-10-14 19:26:35.917 +02:00  DBG  Opening CNG algorithm 'AES' from provider 'null' with chaining mode CBC.
2023-10-14 19:26:35.919 +02:00  DBG  Opening CNG algorithm 'SHA256' from provider 'null' with HMAC.
2023-10-14 19:26:35.921 +02:00  DBG  Using key {6921759b-a9f9-48ea-a379-13505875271d} as the default key.
2023-10-14 19:26:35.922 +02:00  DBG  Key ring with default key {6921759b-a9f9-48ea-a379-13505875271d} was loaded during application startup.
2023-10-14 19:26:36.035 +02:00  DBG  Loaded hosting startup assembly Infeco.Api
2023-10-14 19:26:36.035 +02:00  DBG  Loaded hosting startup assembly Microsoft.AspNetCore.Watch.BrowserRefresh
2023-10-14 19:26:36.035 +02:00  DBG  Loaded hosting startup assembly Microsoft.WebTools.BrowserLink.Net
2023-10-14 19:26:36.036 +02:00  INF  Application started. Press Ctrl+C to shut down.
2023-10-14 19:26:36.036 +02:00  INF  Hosting environment: Development
2023-10-14 19:26:36.036 +02:00  INF  Content root path: C:\Users\fdepret\source\repos\Infeco.api\Infeco.api
2023-10-14 19:26:36.036 +02:00  DBG  Hosting started
2023-10-14 19:26:36.080 +02:00  INF  Request starting HTTP/2 GET https://localhost:44375/index.html - -
2023-10-14 19:26:36.113 +02:00  DBG  Wildcard detected, all requests with hosts will be allowed.
2023-10-14 19:26:36.152 +02:00  DBG  No candidates found for the request path '/index.html'
2023-10-14 19:26:36.153 +02:00  DBG  Request did not match any endpoints
2023-10-14 19:26:36.198 +02:00  DBG  AuthenticationScheme: Bearer was not authenticated.
2023-10-14 19:26:36.385 +02:00  DBG  Response markup is scheduled to include browser refresh script injection.
2023-10-14 19:26:38.550 +02:00  DBG  Response markup was updated to include browser refresh script injection.
2023-10-14 19:26:38.560 +02:00  DBG  Connection ID "18374686524231909379" disconnecting.
2023-10-14 19:26:38.562 +02:00  INF  Request finished HTTP/2 GET https://localhost:44375/index.html - - - 200 - text/html;charset=utf-8 2484.9775ms
2023-10-14 19:26:38.564 +02:00  INF  Request starting HTTP/2 GET https://localhost:44375/_framework/aspnetcore-browser-refresh.js - -
2023-10-14 19:26:38.579 +02:00  DBG  Connection ID "18302628925899014145" disconnecting.
2023-10-14 19:26:38.579 +02:00  INF  Request finished HTTP/2 GET https://localhost:44375/_framework/aspnetcore-browser-refresh.js - - - 200 12352 application/javascript;+charset=utf-8 6.8451ms
2023-10-14 19:26:38.974 +02:00  INF  Request starting HTTP/2 GET https://localhost:44375/swagger/v1/swagger.json - -
2023-10-14 19:26:38.980 +02:00  DBG  No candidates found for the request path '/swagger/v1/swagger.json'
2023-10-14 19:26:38.980 +02:00  DBG  Request did not match any endpoints
2023-10-14 19:26:38.983 +02:00  DBG  AuthenticationScheme: Bearer was not authenticated.
2023-10-14 19:26:39.179 +02:00  DBG  Connection ID "18374686489872171010" disconnecting.
2023-10-14 19:26:39.180 +02:00  INF  Request finished HTTP/2 GET https://localhost:44375/swagger/v1/swagger.json - - - 200 - application/json;charset=utf-8 207.1268ms
