2023-10-06 15:31:26.837 +02:00  DBG  Registered model binder providers, in the following order: ["Microsoft.AspNetCore.Mvc.ModelBinding.Binders.BinderTypeModelBinderProvider","Microsoft.AspNetCore.Mvc.ModelBinding.Binders.ServicesModelBinderProvider","Microsoft.AspNetCore.Mvc.ModelBinding.Binders.BodyModelBinderProvider","Microsoft.AspNetCore.Mvc.ModelBinding.Binders.HeaderModelBinderProvider","Microsoft.AspNetCore.Mvc.ModelBinding.Binders.FloatingPointTypeModelBinderProvider","Microsoft.AspNetCore.Mvc.ModelBinding.Binders.EnumTypeModelBinderProvider","Microsoft.AspNetCore.Mvc.ModelBinding.Binders.DateTimeModelBinderProvider","Microsoft.AspNetCore.Mvc.ModelBinding.Binders.SimpleTypeModelBinderProvider","Microsoft.AspNetCore.Mvc.ModelBinding.Binders.TryParseModelBinderProvider","Microsoft.AspNetCore.Mvc.ModelBinding.Binders.CancellationTokenModelBinderProvider","Microsoft.AspNetCore.Mvc.ModelBinding.Binders.ByteArrayModelBinderProvider","Microsoft.AspNetCore.Mvc.ModelBinding.Binders.FormFileModelBinderProvider","Microsoft.AspNetCore.Mvc.ModelBinding.Binders.FormCollectionModelBinderProvider","Microsoft.AspNetCore.Mvc.ModelBinding.Binders.KeyValuePairModelBinderProvider","Microsoft.AspNetCore.Mvc.ModelBinding.Binders.DictionaryModelBinderProvider","Microsoft.AspNetCore.Mvc.ModelBinding.Binders.ArrayModelBinderProvider","Microsoft.AspNetCore.Mvc.ModelBinding.Binders.CollectionModelBinderProvider","Microsoft.AspNetCore.Mvc.ModelBinding.Binders.ComplexObjectModelBinderProvider"]
2023-10-06 15:31:27.124 +02:00  DBG  An 'IServiceProvider' was created for internal use by Entity Framework.
2023-10-06 15:31:28.377 +02:00  DBG  Entity Framework Core 7.0.11 initialized 'InfoEcoDbContext' using provider 'Npgsql.EntityFrameworkCore.PostgreSQL:7.0.11+c25a0d7b68d66c6ab3849a3b4333964faea6adc9' with options: None
2023-10-06 15:31:28.389 +02:00  DBG  Creating DbConnection.
2023-10-06 15:31:28.443 +02:00  DBG  Created DbConnection. (51ms).
2023-10-06 15:31:28.448 +02:00  DBG  Migrating using database 'pmjmvgha' on server ''.
2023-10-06 15:31:28.468 +02:00  DBG  Opening connection to database 'pmjmvgha' on server ''.
2023-10-06 15:31:29.056 +02:00  DBG  Opened connection to database 'pmjmvgha' on server 'tcp://snuffleupagus.db.elephantsql.com:5432'.
2023-10-06 15:31:29.058 +02:00  DBG  Closing connection to database 'pmjmvgha' on server 'tcp://snuffleupagus.db.elephantsql.com:5432'.
2023-10-06 15:31:29.070 +02:00  DBG  Closed connection to database 'pmjmvgha' on server '' (7ms).
2023-10-06 15:31:29.078 +02:00  DBG  Creating DbCommand for 'ExecuteScalar'.
2023-10-06 15:31:29.084 +02:00  DBG  Created DbCommand for 'ExecuteScalar' (4ms).
2023-10-06 15:31:29.085 +02:00  DBG  Initialized DbCommand for 'ExecuteScalar' (9ms).
2023-10-06 15:31:29.085 +02:00  DBG  Opening connection to database 'pmjmvgha' on server ''.
2023-10-06 15:31:29.446 +02:00  DBG  Opened connection to database 'pmjmvgha' on server 'tcp://snuffleupagus.db.elephantsql.com:5432'.
2023-10-06 15:31:29.452 +02:00  DBG  Executing DbCommand [Parameters=[], CommandType='"Text"', CommandTimeout='30']
SELECT EXISTS (
    SELECT 1 FROM pg_catalog.pg_class c
    JOIN pg_catalog.pg_namespace n ON n.oid=c.relnamespace
    WHERE n.nspname='public' AND
          c.relname='__EFMigrationsHistory'
)
2023-10-06 15:31:29.537 +02:00  INF  Executed DbCommand (85ms) [Parameters=[], CommandType='"Text"', CommandTimeout='30']
SELECT EXISTS (
    SELECT 1 FROM pg_catalog.pg_class c
    JOIN pg_catalog.pg_namespace n ON n.oid=c.relnamespace
    WHERE n.nspname='public' AND
          c.relname='__EFMigrationsHistory'
)
2023-10-06 15:31:29.538 +02:00  DBG  Closing connection to database 'pmjmvgha' on server 'tcp://snuffleupagus.db.elephantsql.com:5432'.
2023-10-06 15:31:29.540 +02:00  DBG  Closed connection to database 'pmjmvgha' on server '' (1ms).
2023-10-06 15:31:29.542 +02:00  DBG  Opening connection to database 'pmjmvgha' on server ''.
2023-10-06 15:31:29.825 +02:00  DBG  Opened connection to database 'pmjmvgha' on server 'tcp://snuffleupagus.db.elephantsql.com:5432'.
2023-10-06 15:31:29.825 +02:00  DBG  Closing connection to database 'pmjmvgha' on server 'tcp://snuffleupagus.db.elephantsql.com:5432'.
2023-10-06 15:31:29.825 +02:00  DBG  Closed connection to database 'pmjmvgha' on server '' (0ms).
2023-10-06 15:31:29.826 +02:00  DBG  Creating DbCommand for 'ExecuteScalar'.
2023-10-06 15:31:29.826 +02:00  DBG  Created DbCommand for 'ExecuteScalar' (0ms).
2023-10-06 15:31:29.826 +02:00  DBG  Initialized DbCommand for 'ExecuteScalar' (0ms).
2023-10-06 15:31:29.826 +02:00  DBG  Opening connection to database 'pmjmvgha' on server ''.
2023-10-06 15:31:29.827 +02:00  DBG  Opened connection to database 'pmjmvgha' on server 'tcp://snuffleupagus.db.elephantsql.com:5432'.
2023-10-06 15:31:29.827 +02:00  DBG  Executing DbCommand [Parameters=[], CommandType='"Text"', CommandTimeout='30']
SELECT EXISTS (
    SELECT 1 FROM pg_catalog.pg_class c
    JOIN pg_catalog.pg_namespace n ON n.oid=c.relnamespace
    WHERE n.nspname='public' AND
          c.relname='__EFMigrationsHistory'
)
2023-10-06 15:31:29.873 +02:00  INF  Executed DbCommand (46ms) [Parameters=[], CommandType='"Text"', CommandTimeout='30']
SELECT EXISTS (
    SELECT 1 FROM pg_catalog.pg_class c
    JOIN pg_catalog.pg_namespace n ON n.oid=c.relnamespace
    WHERE n.nspname='public' AND
          c.relname='__EFMigrationsHistory'
)
2023-10-06 15:31:29.873 +02:00  DBG  Closing connection to database 'pmjmvgha' on server 'tcp://snuffleupagus.db.elephantsql.com:5432'.
2023-10-06 15:31:29.874 +02:00  DBG  Closed connection to database 'pmjmvgha' on server '' (0ms).
2023-10-06 15:31:29.902 +02:00  DBG  Creating DbCommand for 'ExecuteReader'.
2023-10-06 15:31:29.902 +02:00  DBG  Created DbCommand for 'ExecuteReader' (0ms).
2023-10-06 15:31:29.902 +02:00  DBG  Initialized DbCommand for 'ExecuteReader' (0ms).
2023-10-06 15:31:29.902 +02:00  DBG  Opening connection to database 'pmjmvgha' on server ''.
2023-10-06 15:31:29.902 +02:00  DBG  Opened connection to database 'pmjmvgha' on server 'tcp://snuffleupagus.db.elephantsql.com:5432'.
2023-10-06 15:31:29.903 +02:00  DBG  Executing DbCommand [Parameters=[], CommandType='"Text"', CommandTimeout='30']
SELECT "MigrationId", "ProductVersion"
FROM "__EFMigrationsHistory"
ORDER BY "MigrationId";
2023-10-06 15:31:29.949 +02:00  INF  Executed DbCommand (46ms) [Parameters=[], CommandType='"Text"', CommandTimeout='30']
SELECT "MigrationId", "ProductVersion"
FROM "__EFMigrationsHistory"
ORDER BY "MigrationId";
2023-10-06 15:31:29.955 +02:00  DBG  Closing data reader to 'pmjmvgha' on server 'tcp://snuffleupagus.db.elephantsql.com:5432'.
2023-10-06 15:31:29.959 +02:00  DBG  A data reader for 'pmjmvgha' on server 'tcp://snuffleupagus.db.elephantsql.com:5432' is being disposed after spending 7ms reading results.
2023-10-06 15:31:29.959 +02:00  DBG  Closing connection to database 'pmjmvgha' on server 'tcp://snuffleupagus.db.elephantsql.com:5432'.
2023-10-06 15:31:29.959 +02:00  DBG  Closed connection to database 'pmjmvgha' on server '' (0ms).
2023-10-06 15:31:29.973 +02:00  INF  No migrations were applied. The database is already up to date.
2023-10-06 15:31:29.975 +02:00  DBG  'InfoEcoDbContext' disposed.
2023-10-06 15:31:29.977 +02:00  DBG  Disposing connection to database 'pmjmvgha' on server ''.
2023-10-06 15:31:29.978 +02:00  DBG  Disposed connection to database 'pmjmvgha' on server '' (0ms).
2023-10-06 15:31:29.982 +02:00  DBG  Hosting starting
2023-10-06 15:31:30.022 +02:00  INF  User profile is available. Using 'C:\Users\fdepret\AppData\Local\ASP.NET\DataProtection-Keys' as key repository and Windows DPAPI to encrypt keys at rest.
2023-10-06 15:31:30.027 +02:00  DBG  Reading data from file 'C:\Users\fdepret\AppData\Local\ASP.NET\DataProtection-Keys\key-2ce4c23f-757b-4029-95d3-9c9820e6de80.xml'.
2023-10-06 15:31:30.037 +02:00  DBG  Reading data from file 'C:\Users\fdepret\AppData\Local\ASP.NET\DataProtection-Keys\key-6921759b-a9f9-48ea-a379-13505875271d.xml'.
2023-10-06 15:31:30.038 +02:00  DBG  Reading data from file 'C:\Users\fdepret\AppData\Local\ASP.NET\DataProtection-Keys\key-7c4081c7-f341-4ce9-ad03-d3ea3cf1c21f.xml'.
2023-10-06 15:31:30.039 +02:00  DBG  Reading data from file 'C:\Users\fdepret\AppData\Local\ASP.NET\DataProtection-Keys\key-a038200a-44f7-48da-9d2b-5646ef68d51f.xml'.
2023-10-06 15:31:30.039 +02:00  DBG  Reading data from file 'C:\Users\fdepret\AppData\Local\ASP.NET\DataProtection-Keys\key-a642139e-629a-42ab-b89a-38ed4778f2e0.xml'.
2023-10-06 15:31:30.039 +02:00  DBG  Reading data from file 'C:\Users\fdepret\AppData\Local\ASP.NET\DataProtection-Keys\key-b1a02c3b-a417-45ff-ac5c-986fca4cdd22.xml'.
2023-10-06 15:31:30.040 +02:00  DBG  Reading data from file 'C:\Users\fdepret\AppData\Local\ASP.NET\DataProtection-Keys\key-b5a22f60-a6fe-488b-8048-b8d1034bef7d.xml'.
2023-10-06 15:31:30.040 +02:00  DBG  Reading data from file 'C:\Users\fdepret\AppData\Local\ASP.NET\DataProtection-Keys\key-b8996f88-e69f-41d1-b4d3-e7b15b37a5e2.xml'.
2023-10-06 15:31:30.045 +02:00  DBG  Found key {2ce4c23f-757b-4029-95d3-9c9820e6de80}.
2023-10-06 15:31:30.051 +02:00  DBG  Found key {6921759b-a9f9-48ea-a379-13505875271d}.
2023-10-06 15:31:30.051 +02:00  DBG  Found key {7c4081c7-f341-4ce9-ad03-d3ea3cf1c21f}.
2023-10-06 15:31:30.051 +02:00  DBG  Found key {a038200a-44f7-48da-9d2b-5646ef68d51f}.
2023-10-06 15:31:30.051 +02:00  DBG  Found key {a642139e-629a-42ab-b89a-38ed4778f2e0}.
2023-10-06 15:31:30.051 +02:00  DBG  Found key {b1a02c3b-a417-45ff-ac5c-986fca4cdd22}.
2023-10-06 15:31:30.051 +02:00  DBG  Found key {b5a22f60-a6fe-488b-8048-b8d1034bef7d}.
2023-10-06 15:31:30.052 +02:00  DBG  Found key {b8996f88-e69f-41d1-b4d3-e7b15b37a5e2}.
2023-10-06 15:31:30.061 +02:00  DBG  Considering key {6921759b-a9f9-48ea-a379-13505875271d} with expiration date 2023-11-22 12:55:42Z as default key.
2023-10-06 15:31:30.065 +02:00  DBG  Forwarded activator type request from Microsoft.AspNetCore.DataProtection.XmlEncryption.DpapiXmlDecryptor, Microsoft.AspNetCore.DataProtection, Version=6.0.0.0, Culture=neutral, PublicKeyToken=adb9793829ddae60 to Microsoft.AspNetCore.DataProtection.XmlEncryption.DpapiXmlDecryptor, Microsoft.AspNetCore.DataProtection, Culture=neutral, PublicKeyToken=adb9793829ddae60
2023-10-06 15:31:30.066 +02:00  DBG  Decrypting secret element using Windows DPAPI.
2023-10-06 15:31:30.068 +02:00  DBG  Forwarded activator type request from Microsoft.AspNetCore.DataProtection.AuthenticatedEncryption.ConfigurationModel.AuthenticatedEncryptorDescriptorDeserializer, Microsoft.AspNetCore.DataProtection, Version=6.0.0.0, Culture=neutral, PublicKeyToken=adb9793829ddae60 to Microsoft.AspNetCore.DataProtection.AuthenticatedEncryption.ConfigurationModel.AuthenticatedEncryptorDescriptorDeserializer, Microsoft.AspNetCore.DataProtection, Culture=neutral, PublicKeyToken=adb9793829ddae60
2023-10-06 15:31:30.070 +02:00  DBG  Opening CNG algorithm 'AES' from provider 'null' with chaining mode CBC.
2023-10-06 15:31:30.072 +02:00  DBG  Opening CNG algorithm 'SHA256' from provider 'null' with HMAC.
2023-10-06 15:31:30.074 +02:00  DBG  Using key {6921759b-a9f9-48ea-a379-13505875271d} as the default key.
2023-10-06 15:31:30.076 +02:00  DBG  Key ring with default key {6921759b-a9f9-48ea-a379-13505875271d} was loaded during application startup.
2023-10-06 15:31:30.178 +02:00  DBG  Loaded hosting startup assembly Infeco.Api
2023-10-06 15:31:30.184 +02:00  DBG  Loaded hosting startup assembly Microsoft.AspNetCore.Watch.BrowserRefresh
2023-10-06 15:31:30.184 +02:00  DBG  Loaded hosting startup assembly Microsoft.WebTools.BrowserLink.Net
2023-10-06 15:31:30.185 +02:00  INF  Application started. Press Ctrl+C to shut down.
2023-10-06 15:31:30.185 +02:00  INF  Hosting environment: Development
2023-10-06 15:31:30.185 +02:00  INF  Content root path: C:\Users\fdepret\source\repos\Infeco.api\Infeco.api
2023-10-06 15:31:30.185 +02:00  DBG  Hosting started
2023-10-06 15:31:30.236 +02:00  INF  Request starting HTTP/2 GET https://localhost:44375/index.html - -
2023-10-06 15:31:30.272 +02:00  DBG  Wildcard detected, all requests with hosts will be allowed.
2023-10-06 15:31:30.315 +02:00  DBG  No candidates found for the request path '/index.html'
2023-10-06 15:31:30.315 +02:00  DBG  Request did not match any endpoints
2023-10-06 15:31:30.375 +02:00  DBG  AuthenticationScheme: Bearer was not authenticated.
2023-10-06 15:31:30.518 +02:00  DBG  Response markup is scheduled to include browser refresh script injection.
2023-10-06 15:31:32.690 +02:00  DBG  Response markup was updated to include browser refresh script injection.
2023-10-06 15:31:32.710 +02:00  DBG  Connection ID "18230571306091282441" disconnecting.
2023-10-06 15:31:32.711 +02:00  INF  Request starting HTTP/2 GET https://localhost:44375/_framework/aspnetcore-browser-refresh.js - -
2023-10-06 15:31:32.714 +02:00  INF  Request finished HTTP/2 GET https://localhost:44375/index.html - - - 200 - text/html;charset=utf-8 2479.3876ms
2023-10-06 15:31:32.733 +02:00  DBG  Connection ID "18302628930193981453" disconnecting.
2023-10-06 15:31:32.734 +02:00  INF  Request finished HTTP/2 GET https://localhost:44375/_framework/aspnetcore-browser-refresh.js - - - 200 12352 application/javascript;+charset=utf-8 12.7888ms
2023-10-06 15:31:32.839 +02:00  INF  Request starting HTTP/2 GET https://localhost:44375/swagger/v1/swagger.json - -
2023-10-06 15:31:32.840 +02:00  DBG  No candidates found for the request path '/swagger/v1/swagger.json'
2023-10-06 15:31:32.841 +02:00  DBG  Request did not match any endpoints
2023-10-06 15:31:32.843 +02:00  DBG  AuthenticationScheme: Bearer was not authenticated.
2023-10-06 15:31:33.108 +02:00  DBG  Connection ID "18302628887244308485" disconnecting.
2023-10-06 15:31:33.108 +02:00  INF  Request finished HTTP/2 GET https://localhost:44375/swagger/v1/swagger.json - - - 200 - application/json;charset=utf-8 269.6136ms
