2023-10-07 14:17:40.463 +02:00  DBG  Registered model binder providers, in the following order: ["Microsoft.AspNetCore.Mvc.ModelBinding.Binders.BinderTypeModelBinderProvider","Microsoft.AspNetCore.Mvc.ModelBinding.Binders.ServicesModelBinderProvider","Microsoft.AspNetCore.Mvc.ModelBinding.Binders.BodyModelBinderProvider","Microsoft.AspNetCore.Mvc.ModelBinding.Binders.HeaderModelBinderProvider","Microsoft.AspNetCore.Mvc.ModelBinding.Binders.FloatingPointTypeModelBinderProvider","Microsoft.AspNetCore.Mvc.ModelBinding.Binders.EnumTypeModelBinderProvider","Microsoft.AspNetCore.Mvc.ModelBinding.Binders.DateTimeModelBinderProvider","Microsoft.AspNetCore.Mvc.ModelBinding.Binders.SimpleTypeModelBinderProvider","Microsoft.AspNetCore.Mvc.ModelBinding.Binders.TryParseModelBinderProvider","Microsoft.AspNetCore.Mvc.ModelBinding.Binders.CancellationTokenModelBinderProvider","Microsoft.AspNetCore.Mvc.ModelBinding.Binders.ByteArrayModelBinderProvider","Microsoft.AspNetCore.Mvc.ModelBinding.Binders.FormFileModelBinderProvider","Microsoft.AspNetCore.Mvc.ModelBinding.Binders.FormCollectionModelBinderProvider","Microsoft.AspNetCore.Mvc.ModelBinding.Binders.KeyValuePairModelBinderProvider","Microsoft.AspNetCore.Mvc.ModelBinding.Binders.DictionaryModelBinderProvider","Microsoft.AspNetCore.Mvc.ModelBinding.Binders.ArrayModelBinderProvider","Microsoft.AspNetCore.Mvc.ModelBinding.Binders.CollectionModelBinderProvider","Microsoft.AspNetCore.Mvc.ModelBinding.Binders.ComplexObjectModelBinderProvider"]
2023-10-07 14:17:40.762 +02:00  DBG  An 'IServiceProvider' was created for internal use by Entity Framework.
2023-10-07 14:17:41.725 +02:00  DBG  Entity Framework Core 7.0.11 initialized 'InfoEcoDbContext' using provider 'Npgsql.EntityFrameworkCore.PostgreSQL:7.0.11+c25a0d7b68d66c6ab3849a3b4333964faea6adc9' with options: None
2023-10-07 14:17:41.741 +02:00  DBG  Creating DbConnection.
2023-10-07 14:17:41.797 +02:00  DBG  Created DbConnection. (53ms).
2023-10-07 14:17:41.801 +02:00  DBG  Migrating using database 'pmjmvgha' on server ''.
2023-10-07 14:17:41.821 +02:00  DBG  Opening connection to database 'pmjmvgha' on server ''.
2023-10-07 14:17:42.605 +02:00  DBG  Opened connection to database 'pmjmvgha' on server 'tcp://snuffleupagus.db.elephantsql.com:5432'.
2023-10-07 14:17:42.606 +02:00  DBG  Closing connection to database 'pmjmvgha' on server 'tcp://snuffleupagus.db.elephantsql.com:5432'.
2023-10-07 14:17:42.614 +02:00  DBG  Closed connection to database 'pmjmvgha' on server '' (5ms).
2023-10-07 14:17:42.619 +02:00  DBG  Creating DbCommand for 'ExecuteScalar'.
2023-10-07 14:17:42.624 +02:00  DBG  Created DbCommand for 'ExecuteScalar' (2ms).
2023-10-07 14:17:42.625 +02:00  DBG  Initialized DbCommand for 'ExecuteScalar' (6ms).
2023-10-07 14:17:42.625 +02:00  DBG  Opening connection to database 'pmjmvgha' on server ''.
2023-10-07 14:17:42.972 +02:00  DBG  Opened connection to database 'pmjmvgha' on server 'tcp://snuffleupagus.db.elephantsql.com:5432'.
2023-10-07 14:17:42.979 +02:00  DBG  Executing DbCommand [Parameters=[], CommandType='"Text"', CommandTimeout='30']
SELECT EXISTS (
    SELECT 1 FROM pg_catalog.pg_class c
    JOIN pg_catalog.pg_namespace n ON n.oid=c.relnamespace
    WHERE n.nspname='public' AND
          c.relname='__EFMigrationsHistory'
)
2023-10-07 14:17:43.064 +02:00  INF  Executed DbCommand (86ms) [Parameters=[], CommandType='"Text"', CommandTimeout='30']
SELECT EXISTS (
    SELECT 1 FROM pg_catalog.pg_class c
    JOIN pg_catalog.pg_namespace n ON n.oid=c.relnamespace
    WHERE n.nspname='public' AND
          c.relname='__EFMigrationsHistory'
)
2023-10-07 14:17:43.065 +02:00  DBG  Closing connection to database 'pmjmvgha' on server 'tcp://snuffleupagus.db.elephantsql.com:5432'.
2023-10-07 14:17:43.067 +02:00  DBG  Closed connection to database 'pmjmvgha' on server '' (2ms).
2023-10-07 14:17:43.068 +02:00  DBG  Opening connection to database 'pmjmvgha' on server ''.
2023-10-07 14:17:43.340 +02:00  DBG  Opened connection to database 'pmjmvgha' on server 'tcp://snuffleupagus.db.elephantsql.com:5432'.
2023-10-07 14:17:43.341 +02:00  DBG  Closing connection to database 'pmjmvgha' on server 'tcp://snuffleupagus.db.elephantsql.com:5432'.
2023-10-07 14:17:43.342 +02:00  DBG  Closed connection to database 'pmjmvgha' on server '' (0ms).
2023-10-07 14:17:43.342 +02:00  DBG  Creating DbCommand for 'ExecuteScalar'.
2023-10-07 14:17:43.342 +02:00  DBG  Created DbCommand for 'ExecuteScalar' (0ms).
2023-10-07 14:17:43.342 +02:00  DBG  Initialized DbCommand for 'ExecuteScalar' (0ms).
2023-10-07 14:17:43.342 +02:00  DBG  Opening connection to database 'pmjmvgha' on server ''.
2023-10-07 14:17:43.343 +02:00  DBG  Opened connection to database 'pmjmvgha' on server 'tcp://snuffleupagus.db.elephantsql.com:5432'.
2023-10-07 14:17:43.343 +02:00  DBG  Executing DbCommand [Parameters=[], CommandType='"Text"', CommandTimeout='30']
SELECT EXISTS (
    SELECT 1 FROM pg_catalog.pg_class c
    JOIN pg_catalog.pg_namespace n ON n.oid=c.relnamespace
    WHERE n.nspname='public' AND
          c.relname='__EFMigrationsHistory'
)
2023-10-07 14:17:43.388 +02:00  INF  Executed DbCommand (45ms) [Parameters=[], CommandType='"Text"', CommandTimeout='30']
SELECT EXISTS (
    SELECT 1 FROM pg_catalog.pg_class c
    JOIN pg_catalog.pg_namespace n ON n.oid=c.relnamespace
    WHERE n.nspname='public' AND
          c.relname='__EFMigrationsHistory'
)
2023-10-07 14:17:43.389 +02:00  DBG  Closing connection to database 'pmjmvgha' on server 'tcp://snuffleupagus.db.elephantsql.com:5432'.
2023-10-07 14:17:43.389 +02:00  DBG  Closed connection to database 'pmjmvgha' on server '' (0ms).
2023-10-07 14:17:43.405 +02:00  DBG  Creating DbCommand for 'ExecuteReader'.
2023-10-07 14:17:43.405 +02:00  DBG  Created DbCommand for 'ExecuteReader' (0ms).
2023-10-07 14:17:43.405 +02:00  DBG  Initialized DbCommand for 'ExecuteReader' (0ms).
2023-10-07 14:17:43.405 +02:00  DBG  Opening connection to database 'pmjmvgha' on server ''.
2023-10-07 14:17:43.405 +02:00  DBG  Opened connection to database 'pmjmvgha' on server 'tcp://snuffleupagus.db.elephantsql.com:5432'.
2023-10-07 14:17:43.406 +02:00  DBG  Executing DbCommand [Parameters=[], CommandType='"Text"', CommandTimeout='30']
SELECT "MigrationId", "ProductVersion"
FROM "__EFMigrationsHistory"
ORDER BY "MigrationId";
2023-10-07 14:17:43.455 +02:00  INF  Executed DbCommand (50ms) [Parameters=[], CommandType='"Text"', CommandTimeout='30']
SELECT "MigrationId", "ProductVersion"
FROM "__EFMigrationsHistory"
ORDER BY "MigrationId";
2023-10-07 14:17:43.459 +02:00  DBG  Closing data reader to 'pmjmvgha' on server 'tcp://snuffleupagus.db.elephantsql.com:5432'.
2023-10-07 14:17:43.461 +02:00  DBG  A data reader for 'pmjmvgha' on server 'tcp://snuffleupagus.db.elephantsql.com:5432' is being disposed after spending 4ms reading results.
2023-10-07 14:17:43.461 +02:00  DBG  Closing connection to database 'pmjmvgha' on server 'tcp://snuffleupagus.db.elephantsql.com:5432'.
2023-10-07 14:17:43.461 +02:00  DBG  Closed connection to database 'pmjmvgha' on server '' (0ms).
2023-10-07 14:17:43.477 +02:00  INF  No migrations were applied. The database is already up to date.
2023-10-07 14:17:43.478 +02:00  DBG  'InfoEcoDbContext' disposed.
2023-10-07 14:17:43.479 +02:00  DBG  Disposing connection to database 'pmjmvgha' on server ''.
2023-10-07 14:17:43.480 +02:00  DBG  Disposed connection to database 'pmjmvgha' on server '' (0ms).
2023-10-07 14:17:43.483 +02:00  DBG  Hosting starting
2023-10-07 14:17:43.514 +02:00  INF  User profile is available. Using 'C:\Users\fdepret\AppData\Local\ASP.NET\DataProtection-Keys' as key repository and Windows DPAPI to encrypt keys at rest.
2023-10-07 14:17:43.519 +02:00  DBG  Reading data from file 'C:\Users\fdepret\AppData\Local\ASP.NET\DataProtection-Keys\key-2ce4c23f-757b-4029-95d3-9c9820e6de80.xml'.
2023-10-07 14:17:43.526 +02:00  DBG  Reading data from file 'C:\Users\fdepret\AppData\Local\ASP.NET\DataProtection-Keys\key-6921759b-a9f9-48ea-a379-13505875271d.xml'.
2023-10-07 14:17:43.527 +02:00  DBG  Reading data from file 'C:\Users\fdepret\AppData\Local\ASP.NET\DataProtection-Keys\key-7c4081c7-f341-4ce9-ad03-d3ea3cf1c21f.xml'.
2023-10-07 14:17:43.527 +02:00  DBG  Reading data from file 'C:\Users\fdepret\AppData\Local\ASP.NET\DataProtection-Keys\key-a038200a-44f7-48da-9d2b-5646ef68d51f.xml'.
2023-10-07 14:17:43.528 +02:00  DBG  Reading data from file 'C:\Users\fdepret\AppData\Local\ASP.NET\DataProtection-Keys\key-a642139e-629a-42ab-b89a-38ed4778f2e0.xml'.
2023-10-07 14:17:43.528 +02:00  DBG  Reading data from file 'C:\Users\fdepret\AppData\Local\ASP.NET\DataProtection-Keys\key-b1a02c3b-a417-45ff-ac5c-986fca4cdd22.xml'.
2023-10-07 14:17:43.528 +02:00  DBG  Reading data from file 'C:\Users\fdepret\AppData\Local\ASP.NET\DataProtection-Keys\key-b5a22f60-a6fe-488b-8048-b8d1034bef7d.xml'.
2023-10-07 14:17:43.529 +02:00  DBG  Reading data from file 'C:\Users\fdepret\AppData\Local\ASP.NET\DataProtection-Keys\key-b8996f88-e69f-41d1-b4d3-e7b15b37a5e2.xml'.
2023-10-07 14:17:43.534 +02:00  DBG  Found key {2ce4c23f-757b-4029-95d3-9c9820e6de80}.
2023-10-07 14:17:43.539 +02:00  DBG  Found key {6921759b-a9f9-48ea-a379-13505875271d}.
2023-10-07 14:17:43.539 +02:00  DBG  Found key {7c4081c7-f341-4ce9-ad03-d3ea3cf1c21f}.
2023-10-07 14:17:43.539 +02:00  DBG  Found key {a038200a-44f7-48da-9d2b-5646ef68d51f}.
2023-10-07 14:17:43.539 +02:00  DBG  Found key {a642139e-629a-42ab-b89a-38ed4778f2e0}.
2023-10-07 14:17:43.539 +02:00  DBG  Found key {b1a02c3b-a417-45ff-ac5c-986fca4cdd22}.
2023-10-07 14:17:43.539 +02:00  DBG  Found key {b5a22f60-a6fe-488b-8048-b8d1034bef7d}.
2023-10-07 14:17:43.540 +02:00  DBG  Found key {b8996f88-e69f-41d1-b4d3-e7b15b37a5e2}.
2023-10-07 14:17:43.546 +02:00  DBG  Considering key {6921759b-a9f9-48ea-a379-13505875271d} with expiration date 2023-11-22 12:55:42Z as default key.
2023-10-07 14:17:43.549 +02:00  DBG  Forwarded activator type request from Microsoft.AspNetCore.DataProtection.XmlEncryption.DpapiXmlDecryptor, Microsoft.AspNetCore.DataProtection, Version=6.0.0.0, Culture=neutral, PublicKeyToken=adb9793829ddae60 to Microsoft.AspNetCore.DataProtection.XmlEncryption.DpapiXmlDecryptor, Microsoft.AspNetCore.DataProtection, Culture=neutral, PublicKeyToken=adb9793829ddae60
2023-10-07 14:17:43.549 +02:00  DBG  Decrypting secret element using Windows DPAPI.
2023-10-07 14:17:43.551 +02:00  DBG  Forwarded activator type request from Microsoft.AspNetCore.DataProtection.AuthenticatedEncryption.ConfigurationModel.AuthenticatedEncryptorDescriptorDeserializer, Microsoft.AspNetCore.DataProtection, Version=6.0.0.0, Culture=neutral, PublicKeyToken=adb9793829ddae60 to Microsoft.AspNetCore.DataProtection.AuthenticatedEncryption.ConfigurationModel.AuthenticatedEncryptorDescriptorDeserializer, Microsoft.AspNetCore.DataProtection, Culture=neutral, PublicKeyToken=adb9793829ddae60
2023-10-07 14:17:43.552 +02:00  DBG  Opening CNG algorithm 'AES' from provider 'null' with chaining mode CBC.
2023-10-07 14:17:43.553 +02:00  DBG  Opening CNG algorithm 'SHA256' from provider 'null' with HMAC.
2023-10-07 14:17:43.555 +02:00  DBG  Using key {6921759b-a9f9-48ea-a379-13505875271d} as the default key.
2023-10-07 14:17:43.555 +02:00  DBG  Key ring with default key {6921759b-a9f9-48ea-a379-13505875271d} was loaded during application startup.
2023-10-07 14:17:43.628 +02:00  DBG  Loaded hosting startup assembly Infeco.Api
2023-10-07 14:17:43.628 +02:00  DBG  Loaded hosting startup assembly Microsoft.AspNetCore.Watch.BrowserRefresh
2023-10-07 14:17:43.628 +02:00  DBG  Loaded hosting startup assembly Microsoft.WebTools.BrowserLink.Net
2023-10-07 14:17:43.629 +02:00  INF  Application started. Press Ctrl+C to shut down.
2023-10-07 14:17:43.629 +02:00  INF  Hosting environment: Development
2023-10-07 14:17:43.629 +02:00  INF  Content root path: C:\Users\fdepret\source\repos\Infeco.api\Infeco.api
2023-10-07 14:17:43.629 +02:00  DBG  Hosting started
2023-10-07 14:17:43.663 +02:00  INF  Request starting HTTP/2 GET https://localhost:44375/index.html - -
2023-10-07 14:17:43.692 +02:00  DBG  Wildcard detected, all requests with hosts will be allowed.
2023-10-07 14:17:43.725 +02:00  DBG  No candidates found for the request path '/index.html'
2023-10-07 14:17:43.726 +02:00  DBG  Request did not match any endpoints
2023-10-07 14:17:43.769 +02:00  DBG  AuthenticationScheme: Bearer was not authenticated.
2023-10-07 14:17:43.879 +02:00  DBG  Response markup is scheduled to include browser refresh script injection.
2023-10-07 14:17:46.030 +02:00  DBG  Response markup was updated to include browser refresh script injection.
2023-10-07 14:17:46.049 +02:00  DBG  Connection ID "18230571314681217033" disconnecting.
2023-10-07 14:17:46.052 +02:00  INF  Request starting HTTP/2 GET https://localhost:44375/_framework/aspnetcore-browser-refresh.js - -
2023-10-07 14:17:46.053 +02:00  INF  Request finished HTTP/2 GET https://localhost:44375/index.html - - - 200 - text/html;charset=utf-8 2389.1634ms
2023-10-07 14:17:46.066 +02:00  DBG  Connection ID "18374686498462105609" disconnecting.
2023-10-07 14:17:46.066 +02:00  INF  Request finished HTTP/2 GET https://localhost:44375/_framework/aspnetcore-browser-refresh.js - - - 200 12352 application/javascript;+charset=utf-8 7.2604ms
2023-10-07 14:17:46.135 +02:00  INF  Request starting HTTP/2 GET https://localhost:44375/swagger/v1/swagger.json - -
2023-10-07 14:17:46.136 +02:00  DBG  No candidates found for the request path '/swagger/v1/swagger.json'
2023-10-07 14:17:46.136 +02:00  DBG  Request did not match any endpoints
2023-10-07 14:17:46.139 +02:00  DBG  AuthenticationScheme: Bearer was not authenticated.
2023-10-07 14:17:46.345 +02:00  DBG  Connection ID "18230571314681217035" disconnecting.
2023-10-07 14:17:46.345 +02:00  INF  Request finished HTTP/2 GET https://localhost:44375/swagger/v1/swagger.json - - - 200 - application/json;charset=utf-8 210.1249ms
2023-10-07 14:39:30.252 +02:00  DBG  Registered model binder providers, in the following order: ["Microsoft.AspNetCore.Mvc.ModelBinding.Binders.BinderTypeModelBinderProvider","Microsoft.AspNetCore.Mvc.ModelBinding.Binders.ServicesModelBinderProvider","Microsoft.AspNetCore.Mvc.ModelBinding.Binders.BodyModelBinderProvider","Microsoft.AspNetCore.Mvc.ModelBinding.Binders.HeaderModelBinderProvider","Microsoft.AspNetCore.Mvc.ModelBinding.Binders.FloatingPointTypeModelBinderProvider","Microsoft.AspNetCore.Mvc.ModelBinding.Binders.EnumTypeModelBinderProvider","Microsoft.AspNetCore.Mvc.ModelBinding.Binders.DateTimeModelBinderProvider","Microsoft.AspNetCore.Mvc.ModelBinding.Binders.SimpleTypeModelBinderProvider","Microsoft.AspNetCore.Mvc.ModelBinding.Binders.TryParseModelBinderProvider","Microsoft.AspNetCore.Mvc.ModelBinding.Binders.CancellationTokenModelBinderProvider","Microsoft.AspNetCore.Mvc.ModelBinding.Binders.ByteArrayModelBinderProvider","Microsoft.AspNetCore.Mvc.ModelBinding.Binders.FormFileModelBinderProvider","Microsoft.AspNetCore.Mvc.ModelBinding.Binders.FormCollectionModelBinderProvider","Microsoft.AspNetCore.Mvc.ModelBinding.Binders.KeyValuePairModelBinderProvider","Microsoft.AspNetCore.Mvc.ModelBinding.Binders.DictionaryModelBinderProvider","Microsoft.AspNetCore.Mvc.ModelBinding.Binders.ArrayModelBinderProvider","Microsoft.AspNetCore.Mvc.ModelBinding.Binders.CollectionModelBinderProvider","Microsoft.AspNetCore.Mvc.ModelBinding.Binders.ComplexObjectModelBinderProvider"]
2023-10-07 14:39:30.468 +02:00  DBG  An 'IServiceProvider' was created for internal use by Entity Framework.
2023-10-07 14:39:31.096 +02:00  DBG  Entity Framework Core 7.0.11 initialized 'InfoEcoDbContext' using provider 'Npgsql.EntityFrameworkCore.PostgreSQL:7.0.11+c25a0d7b68d66c6ab3849a3b4333964faea6adc9' with options: None
2023-10-07 14:39:31.104 +02:00  DBG  Creating DbConnection.
2023-10-07 14:39:31.146 +02:00  DBG  Created DbConnection. (40ms).
2023-10-07 14:39:31.149 +02:00  DBG  Migrating using database 'pmjmvgha' on server ''.
2023-10-07 14:39:31.165 +02:00  DBG  Opening connection to database 'pmjmvgha' on server ''.
2023-10-07 14:39:31.650 +02:00  DBG  Opened connection to database 'pmjmvgha' on server 'tcp://snuffleupagus.db.elephantsql.com:5432'.
2023-10-07 14:39:31.652 +02:00  DBG  Closing connection to database 'pmjmvgha' on server 'tcp://snuffleupagus.db.elephantsql.com:5432'.
2023-10-07 14:39:31.663 +02:00  DBG  Closed connection to database 'pmjmvgha' on server '' (7ms).
2023-10-07 14:39:31.670 +02:00  DBG  Creating DbCommand for 'ExecuteScalar'.
2023-10-07 14:39:31.677 +02:00  DBG  Created DbCommand for 'ExecuteScalar' (4ms).
2023-10-07 14:39:31.679 +02:00  DBG  Initialized DbCommand for 'ExecuteScalar' (10ms).
2023-10-07 14:39:31.679 +02:00  DBG  Opening connection to database 'pmjmvgha' on server ''.
2023-10-07 14:39:32.028 +02:00  DBG  Opened connection to database 'pmjmvgha' on server 'tcp://snuffleupagus.db.elephantsql.com:5432'.
2023-10-07 14:39:32.034 +02:00  DBG  Executing DbCommand [Parameters=[], CommandType='"Text"', CommandTimeout='30']
SELECT EXISTS (
    SELECT 1 FROM pg_catalog.pg_class c
    JOIN pg_catalog.pg_namespace n ON n.oid=c.relnamespace
    WHERE n.nspname='public' AND
          c.relname='__EFMigrationsHistory'
)
2023-10-07 14:39:32.106 +02:00  INF  Executed DbCommand (74ms) [Parameters=[], CommandType='"Text"', CommandTimeout='30']
SELECT EXISTS (
    SELECT 1 FROM pg_catalog.pg_class c
    JOIN pg_catalog.pg_namespace n ON n.oid=c.relnamespace
    WHERE n.nspname='public' AND
          c.relname='__EFMigrationsHistory'
)
2023-10-07 14:39:32.107 +02:00  DBG  Closing connection to database 'pmjmvgha' on server 'tcp://snuffleupagus.db.elephantsql.com:5432'.
2023-10-07 14:39:32.108 +02:00  DBG  Closed connection to database 'pmjmvgha' on server '' (1ms).
2023-10-07 14:39:32.109 +02:00  DBG  Opening connection to database 'pmjmvgha' on server ''.
2023-10-07 14:39:32.384 +02:00  DBG  Opened connection to database 'pmjmvgha' on server 'tcp://snuffleupagus.db.elephantsql.com:5432'.
2023-10-07 14:39:32.384 +02:00  DBG  Closing connection to database 'pmjmvgha' on server 'tcp://snuffleupagus.db.elephantsql.com:5432'.
2023-10-07 14:39:32.385 +02:00  DBG  Closed connection to database 'pmjmvgha' on server '' (0ms).
2023-10-07 14:39:32.385 +02:00  DBG  Creating DbCommand for 'ExecuteScalar'.
2023-10-07 14:39:32.386 +02:00  DBG  Created DbCommand for 'ExecuteScalar' (0ms).
2023-10-07 14:39:32.386 +02:00  DBG  Initialized DbCommand for 'ExecuteScalar' (0ms).
2023-10-07 14:39:32.386 +02:00  DBG  Opening connection to database 'pmjmvgha' on server ''.
2023-10-07 14:39:32.386 +02:00  DBG  Opened connection to database 'pmjmvgha' on server 'tcp://snuffleupagus.db.elephantsql.com:5432'.
2023-10-07 14:39:32.386 +02:00  DBG  Executing DbCommand [Parameters=[], CommandType='"Text"', CommandTimeout='30']
SELECT EXISTS (
    SELECT 1 FROM pg_catalog.pg_class c
    JOIN pg_catalog.pg_namespace n ON n.oid=c.relnamespace
    WHERE n.nspname='public' AND
          c.relname='__EFMigrationsHistory'
)
2023-10-07 14:39:32.431 +02:00  INF  Executed DbCommand (45ms) [Parameters=[], CommandType='"Text"', CommandTimeout='30']
SELECT EXISTS (
    SELECT 1 FROM pg_catalog.pg_class c
    JOIN pg_catalog.pg_namespace n ON n.oid=c.relnamespace
    WHERE n.nspname='public' AND
          c.relname='__EFMigrationsHistory'
)
2023-10-07 14:39:32.431 +02:00  DBG  Closing connection to database 'pmjmvgha' on server 'tcp://snuffleupagus.db.elephantsql.com:5432'.
2023-10-07 14:39:32.431 +02:00  DBG  Closed connection to database 'pmjmvgha' on server '' (0ms).
2023-10-07 14:39:32.454 +02:00  DBG  Creating DbCommand for 'ExecuteReader'.
2023-10-07 14:39:32.454 +02:00  DBG  Created DbCommand for 'ExecuteReader' (0ms).
2023-10-07 14:39:32.454 +02:00  DBG  Initialized DbCommand for 'ExecuteReader' (0ms).
2023-10-07 14:39:32.454 +02:00  DBG  Opening connection to database 'pmjmvgha' on server ''.
2023-10-07 14:39:32.454 +02:00  DBG  Opened connection to database 'pmjmvgha' on server 'tcp://snuffleupagus.db.elephantsql.com:5432'.
2023-10-07 14:39:32.454 +02:00  DBG  Executing DbCommand [Parameters=[], CommandType='"Text"', CommandTimeout='30']
SELECT "MigrationId", "ProductVersion"
FROM "__EFMigrationsHistory"
ORDER BY "MigrationId";
2023-10-07 14:39:32.501 +02:00  INF  Executed DbCommand (47ms) [Parameters=[], CommandType='"Text"', CommandTimeout='30']
SELECT "MigrationId", "ProductVersion"
FROM "__EFMigrationsHistory"
ORDER BY "MigrationId";
2023-10-07 14:39:32.504 +02:00  DBG  Closing data reader to 'pmjmvgha' on server 'tcp://snuffleupagus.db.elephantsql.com:5432'.
2023-10-07 14:39:32.506 +02:00  DBG  A data reader for 'pmjmvgha' on server 'tcp://snuffleupagus.db.elephantsql.com:5432' is being disposed after spending 4ms reading results.
2023-10-07 14:39:32.506 +02:00  DBG  Closing connection to database 'pmjmvgha' on server 'tcp://snuffleupagus.db.elephantsql.com:5432'.
2023-10-07 14:39:32.506 +02:00  DBG  Closed connection to database 'pmjmvgha' on server '' (0ms).
2023-10-07 14:39:32.515 +02:00  INF  No migrations were applied. The database is already up to date.
2023-10-07 14:39:32.516 +02:00  DBG  'InfoEcoDbContext' disposed.
2023-10-07 14:39:32.517 +02:00  DBG  Disposing connection to database 'pmjmvgha' on server ''.
2023-10-07 14:39:32.518 +02:00  DBG  Disposed connection to database 'pmjmvgha' on server '' (0ms).
2023-10-07 14:39:32.520 +02:00  DBG  Hosting starting
2023-10-07 14:39:32.550 +02:00  INF  User profile is available. Using 'C:\Users\fdepret\AppData\Local\ASP.NET\DataProtection-Keys' as key repository and Windows DPAPI to encrypt keys at rest.
2023-10-07 14:39:32.554 +02:00  DBG  Reading data from file 'C:\Users\fdepret\AppData\Local\ASP.NET\DataProtection-Keys\key-2ce4c23f-757b-4029-95d3-9c9820e6de80.xml'.
2023-10-07 14:39:32.559 +02:00  DBG  Reading data from file 'C:\Users\fdepret\AppData\Local\ASP.NET\DataProtection-Keys\key-6921759b-a9f9-48ea-a379-13505875271d.xml'.
2023-10-07 14:39:32.560 +02:00  DBG  Reading data from file 'C:\Users\fdepret\AppData\Local\ASP.NET\DataProtection-Keys\key-7c4081c7-f341-4ce9-ad03-d3ea3cf1c21f.xml'.
2023-10-07 14:39:32.560 +02:00  DBG  Reading data from file 'C:\Users\fdepret\AppData\Local\ASP.NET\DataProtection-Keys\key-a038200a-44f7-48da-9d2b-5646ef68d51f.xml'.
2023-10-07 14:39:32.561 +02:00  DBG  Reading data from file 'C:\Users\fdepret\AppData\Local\ASP.NET\DataProtection-Keys\key-a642139e-629a-42ab-b89a-38ed4778f2e0.xml'.
2023-10-07 14:39:32.561 +02:00  DBG  Reading data from file 'C:\Users\fdepret\AppData\Local\ASP.NET\DataProtection-Keys\key-b1a02c3b-a417-45ff-ac5c-986fca4cdd22.xml'.
2023-10-07 14:39:32.561 +02:00  DBG  Reading data from file 'C:\Users\fdepret\AppData\Local\ASP.NET\DataProtection-Keys\key-b5a22f60-a6fe-488b-8048-b8d1034bef7d.xml'.
2023-10-07 14:39:32.561 +02:00  DBG  Reading data from file 'C:\Users\fdepret\AppData\Local\ASP.NET\DataProtection-Keys\key-b8996f88-e69f-41d1-b4d3-e7b15b37a5e2.xml'.
2023-10-07 14:39:32.565 +02:00  DBG  Found key {2ce4c23f-757b-4029-95d3-9c9820e6de80}.
2023-10-07 14:39:32.568 +02:00  DBG  Found key {6921759b-a9f9-48ea-a379-13505875271d}.
2023-10-07 14:39:32.568 +02:00  DBG  Found key {7c4081c7-f341-4ce9-ad03-d3ea3cf1c21f}.
2023-10-07 14:39:32.568 +02:00  DBG  Found key {a038200a-44f7-48da-9d2b-5646ef68d51f}.
2023-10-07 14:39:32.568 +02:00  DBG  Found key {a642139e-629a-42ab-b89a-38ed4778f2e0}.
2023-10-07 14:39:32.569 +02:00  DBG  Found key {b1a02c3b-a417-45ff-ac5c-986fca4cdd22}.
2023-10-07 14:39:32.569 +02:00  DBG  Found key {b5a22f60-a6fe-488b-8048-b8d1034bef7d}.
2023-10-07 14:39:32.569 +02:00  DBG  Found key {b8996f88-e69f-41d1-b4d3-e7b15b37a5e2}.
2023-10-07 14:39:32.574 +02:00  DBG  Considering key {6921759b-a9f9-48ea-a379-13505875271d} with expiration date 2023-11-22 12:55:42Z as default key.
2023-10-07 14:39:32.576 +02:00  DBG  Forwarded activator type request from Microsoft.AspNetCore.DataProtection.XmlEncryption.DpapiXmlDecryptor, Microsoft.AspNetCore.DataProtection, Version=6.0.0.0, Culture=neutral, PublicKeyToken=adb9793829ddae60 to Microsoft.AspNetCore.DataProtection.XmlEncryption.DpapiXmlDecryptor, Microsoft.AspNetCore.DataProtection, Culture=neutral, PublicKeyToken=adb9793829ddae60
2023-10-07 14:39:32.577 +02:00  DBG  Decrypting secret element using Windows DPAPI.
2023-10-07 14:39:32.578 +02:00  DBG  Forwarded activator type request from Microsoft.AspNetCore.DataProtection.AuthenticatedEncryption.ConfigurationModel.AuthenticatedEncryptorDescriptorDeserializer, Microsoft.AspNetCore.DataProtection, Version=6.0.0.0, Culture=neutral, PublicKeyToken=adb9793829ddae60 to Microsoft.AspNetCore.DataProtection.AuthenticatedEncryption.ConfigurationModel.AuthenticatedEncryptorDescriptorDeserializer, Microsoft.AspNetCore.DataProtection, Culture=neutral, PublicKeyToken=adb9793829ddae60
2023-10-07 14:39:32.579 +02:00  DBG  Opening CNG algorithm 'AES' from provider 'null' with chaining mode CBC.
2023-10-07 14:39:32.581 +02:00  DBG  Opening CNG algorithm 'SHA256' from provider 'null' with HMAC.
2023-10-07 14:39:32.582 +02:00  DBG  Using key {6921759b-a9f9-48ea-a379-13505875271d} as the default key.
2023-10-07 14:39:32.583 +02:00  DBG  Key ring with default key {6921759b-a9f9-48ea-a379-13505875271d} was loaded during application startup.
2023-10-07 14:39:32.648 +02:00  DBG  Loaded hosting startup assembly Infeco.Api
2023-10-07 14:39:32.648 +02:00  DBG  Loaded hosting startup assembly Microsoft.AspNetCore.Watch.BrowserRefresh
2023-10-07 14:39:32.648 +02:00  DBG  Loaded hosting startup assembly Microsoft.WebTools.BrowserLink.Net
2023-10-07 14:39:32.654 +02:00  INF  Application started. Press Ctrl+C to shut down.
2023-10-07 14:39:32.654 +02:00  INF  Hosting environment: Development
2023-10-07 14:39:32.654 +02:00  INF  Content root path: C:\Users\fdepret\source\repos\Infeco.api\Infeco.api
2023-10-07 14:39:32.654 +02:00  DBG  Hosting started
2023-10-07 14:39:32.688 +02:00  INF  Request starting HTTP/2 GET https://localhost:44375/index.html - -
2023-10-07 14:39:32.715 +02:00  DBG  Wildcard detected, all requests with hosts will be allowed.
2023-10-07 14:39:32.743 +02:00  DBG  No candidates found for the request path '/index.html'
2023-10-07 14:39:32.743 +02:00  DBG  Request did not match any endpoints
2023-10-07 14:39:32.781 +02:00  DBG  AuthenticationScheme: Bearer was not authenticated.
2023-10-07 14:39:32.882 +02:00  DBG  Response markup is scheduled to include browser refresh script injection.
2023-10-07 14:39:35.011 +02:00  DBG  Response markup was updated to include browser refresh script injection.
2023-10-07 14:39:35.026 +02:00  DBG  Connection ID "18302628913014112263" disconnecting.
2023-10-07 14:39:35.027 +02:00  INF  Request starting HTTP/2 GET https://localhost:44375/_framework/aspnetcore-browser-refresh.js - -
2023-10-07 14:39:35.029 +02:00  INF  Request finished HTTP/2 GET https://localhost:44375/index.html - - - 200 - text/html;charset=utf-8 2360.0972ms
2023-10-07 14:39:35.037 +02:00  DBG  Connection ID "17654110545197924356" disconnecting.
2023-10-07 14:39:35.037 +02:00  INF  Request finished HTTP/2 GET https://localhost:44375/_framework/aspnetcore-browser-refresh.js - - - 200 12352 application/javascript;+charset=utf-8 4.7721ms
2023-10-07 14:39:35.099 +02:00  INF  Request starting HTTP/2 GET https://localhost:44375/swagger/v1/swagger.json - -
2023-10-07 14:39:35.100 +02:00  DBG  No candidates found for the request path '/swagger/v1/swagger.json'
2023-10-07 14:39:35.100 +02:00  DBG  Request did not match any endpoints
2023-10-07 14:39:35.101 +02:00  DBG  AuthenticationScheme: Bearer was not authenticated.
2023-10-07 14:39:35.260 +02:00  DBG  Connection ID "18374686511347007496" disconnecting.
2023-10-07 14:39:35.260 +02:00  INF  Request finished HTTP/2 GET https://localhost:44375/swagger/v1/swagger.json - - - 200 - application/json;charset=utf-8 162.7421ms
2023-10-07 14:42:39.076 +02:00  DBG  Registered model binder providers, in the following order: ["Microsoft.AspNetCore.Mvc.ModelBinding.Binders.BinderTypeModelBinderProvider","Microsoft.AspNetCore.Mvc.ModelBinding.Binders.ServicesModelBinderProvider","Microsoft.AspNetCore.Mvc.ModelBinding.Binders.BodyModelBinderProvider","Microsoft.AspNetCore.Mvc.ModelBinding.Binders.HeaderModelBinderProvider","Microsoft.AspNetCore.Mvc.ModelBinding.Binders.FloatingPointTypeModelBinderProvider","Microsoft.AspNetCore.Mvc.ModelBinding.Binders.EnumTypeModelBinderProvider","Microsoft.AspNetCore.Mvc.ModelBinding.Binders.DateTimeModelBinderProvider","Microsoft.AspNetCore.Mvc.ModelBinding.Binders.SimpleTypeModelBinderProvider","Microsoft.AspNetCore.Mvc.ModelBinding.Binders.TryParseModelBinderProvider","Microsoft.AspNetCore.Mvc.ModelBinding.Binders.CancellationTokenModelBinderProvider","Microsoft.AspNetCore.Mvc.ModelBinding.Binders.ByteArrayModelBinderProvider","Microsoft.AspNetCore.Mvc.ModelBinding.Binders.FormFileModelBinderProvider","Microsoft.AspNetCore.Mvc.ModelBinding.Binders.FormCollectionModelBinderProvider","Microsoft.AspNetCore.Mvc.ModelBinding.Binders.KeyValuePairModelBinderProvider","Microsoft.AspNetCore.Mvc.ModelBinding.Binders.DictionaryModelBinderProvider","Microsoft.AspNetCore.Mvc.ModelBinding.Binders.ArrayModelBinderProvider","Microsoft.AspNetCore.Mvc.ModelBinding.Binders.CollectionModelBinderProvider","Microsoft.AspNetCore.Mvc.ModelBinding.Binders.ComplexObjectModelBinderProvider"]
2023-10-07 14:42:39.271 +02:00  DBG  An 'IServiceProvider' was created for internal use by Entity Framework.
2023-10-07 14:42:39.860 +02:00  DBG  Entity Framework Core 7.0.11 initialized 'InfoEcoDbContext' using provider 'Npgsql.EntityFrameworkCore.PostgreSQL:7.0.11+c25a0d7b68d66c6ab3849a3b4333964faea6adc9' with options: None
2023-10-07 14:42:39.869 +02:00  DBG  Creating DbConnection.
2023-10-07 14:42:39.908 +02:00  DBG  Created DbConnection. (37ms).
2023-10-07 14:42:39.910 +02:00  DBG  Migrating using database 'pmjmvgha' on server ''.
2023-10-07 14:42:39.925 +02:00  DBG  Opening connection to database 'pmjmvgha' on server ''.
2023-10-07 14:42:40.385 +02:00  DBG  Opened connection to database 'pmjmvgha' on server 'tcp://13.50.20.135:5432'.
2023-10-07 14:42:40.387 +02:00  DBG  Closing connection to database 'pmjmvgha' on server 'tcp://13.50.20.135:5432'.
2023-10-07 14:42:40.395 +02:00  DBG  Closed connection to database 'pmjmvgha' on server '' (5ms).
2023-10-07 14:42:40.400 +02:00  DBG  Creating DbCommand for 'ExecuteScalar'.
2023-10-07 14:42:40.404 +02:00  DBG  Created DbCommand for 'ExecuteScalar' (2ms).
2023-10-07 14:42:40.405 +02:00  DBG  Initialized DbCommand for 'ExecuteScalar' (6ms).
2023-10-07 14:42:40.405 +02:00  DBG  Opening connection to database 'pmjmvgha' on server ''.
2023-10-07 14:42:40.769 +02:00  DBG  Opened connection to database 'pmjmvgha' on server 'tcp://13.50.20.135:5432'.
2023-10-07 14:42:40.777 +02:00  DBG  Executing DbCommand [Parameters=[], CommandType='"Text"', CommandTimeout='30']
SELECT EXISTS (
    SELECT 1 FROM pg_catalog.pg_class c
    JOIN pg_catalog.pg_namespace n ON n.oid=c.relnamespace
    WHERE n.nspname='public' AND
          c.relname='__EFMigrationsHistory'
)
2023-10-07 14:42:40.848 +02:00  INF  Executed DbCommand (72ms) [Parameters=[], CommandType='"Text"', CommandTimeout='30']
SELECT EXISTS (
    SELECT 1 FROM pg_catalog.pg_class c
    JOIN pg_catalog.pg_namespace n ON n.oid=c.relnamespace
    WHERE n.nspname='public' AND
          c.relname='__EFMigrationsHistory'
)
2023-10-07 14:42:40.849 +02:00  DBG  Closing connection to database 'pmjmvgha' on server 'tcp://13.50.20.135:5432'.
2023-10-07 14:42:40.850 +02:00  DBG  Closed connection to database 'pmjmvgha' on server '' (1ms).
2023-10-07 14:42:40.851 +02:00  DBG  Opening connection to database 'pmjmvgha' on server ''.
2023-10-07 14:42:41.144 +02:00  DBG  Opened connection to database 'pmjmvgha' on server 'tcp://13.50.20.135:5432'.
2023-10-07 14:42:41.144 +02:00  DBG  Closing connection to database 'pmjmvgha' on server 'tcp://13.50.20.135:5432'.
2023-10-07 14:42:41.145 +02:00  DBG  Closed connection to database 'pmjmvgha' on server '' (0ms).
2023-10-07 14:42:41.146 +02:00  DBG  Creating DbCommand for 'ExecuteScalar'.
2023-10-07 14:42:41.146 +02:00  DBG  Created DbCommand for 'ExecuteScalar' (0ms).
2023-10-07 14:42:41.146 +02:00  DBG  Initialized DbCommand for 'ExecuteScalar' (0ms).
2023-10-07 14:42:41.146 +02:00  DBG  Opening connection to database 'pmjmvgha' on server ''.
2023-10-07 14:42:41.146 +02:00  DBG  Opened connection to database 'pmjmvgha' on server 'tcp://13.50.20.135:5432'.
2023-10-07 14:42:41.147 +02:00  DBG  Executing DbCommand [Parameters=[], CommandType='"Text"', CommandTimeout='30']
SELECT EXISTS (
    SELECT 1 FROM pg_catalog.pg_class c
    JOIN pg_catalog.pg_namespace n ON n.oid=c.relnamespace
    WHERE n.nspname='public' AND
          c.relname='__EFMigrationsHistory'
)
2023-10-07 14:42:41.191 +02:00  INF  Executed DbCommand (45ms) [Parameters=[], CommandType='"Text"', CommandTimeout='30']
SELECT EXISTS (
    SELECT 1 FROM pg_catalog.pg_class c
    JOIN pg_catalog.pg_namespace n ON n.oid=c.relnamespace
    WHERE n.nspname='public' AND
          c.relname='__EFMigrationsHistory'
)
2023-10-07 14:42:41.191 +02:00  DBG  Closing connection to database 'pmjmvgha' on server 'tcp://13.50.20.135:5432'.
2023-10-07 14:42:41.192 +02:00  DBG  Closed connection to database 'pmjmvgha' on server '' (0ms).
2023-10-07 14:42:41.207 +02:00  DBG  Creating DbCommand for 'ExecuteReader'.
2023-10-07 14:42:41.207 +02:00  DBG  Created DbCommand for 'ExecuteReader' (0ms).
2023-10-07 14:42:41.207 +02:00  DBG  Initialized DbCommand for 'ExecuteReader' (0ms).
2023-10-07 14:42:41.207 +02:00  DBG  Opening connection to database 'pmjmvgha' on server ''.
2023-10-07 14:42:41.207 +02:00  DBG  Opened connection to database 'pmjmvgha' on server 'tcp://13.50.20.135:5432'.
2023-10-07 14:42:41.208 +02:00  DBG  Executing DbCommand [Parameters=[], CommandType='"Text"', CommandTimeout='30']
SELECT "MigrationId", "ProductVersion"
FROM "__EFMigrationsHistory"
ORDER BY "MigrationId";
2023-10-07 14:42:41.253 +02:00  INF  Executed DbCommand (45ms) [Parameters=[], CommandType='"Text"', CommandTimeout='30']
SELECT "MigrationId", "ProductVersion"
FROM "__EFMigrationsHistory"
ORDER BY "MigrationId";
2023-10-07 14:42:41.257 +02:00  DBG  Closing data reader to 'pmjmvgha' on server 'tcp://13.50.20.135:5432'.
2023-10-07 14:42:41.259 +02:00  DBG  A data reader for 'pmjmvgha' on server 'tcp://13.50.20.135:5432' is being disposed after spending 5ms reading results.
2023-10-07 14:42:41.260 +02:00  DBG  Closing connection to database 'pmjmvgha' on server 'tcp://13.50.20.135:5432'.
2023-10-07 14:42:41.260 +02:00  DBG  Closed connection to database 'pmjmvgha' on server '' (0ms).
2023-10-07 14:42:41.273 +02:00  INF  No migrations were applied. The database is already up to date.
2023-10-07 14:42:41.275 +02:00  DBG  'InfoEcoDbContext' disposed.
2023-10-07 14:42:41.277 +02:00  DBG  Disposing connection to database 'pmjmvgha' on server ''.
2023-10-07 14:42:41.278 +02:00  DBG  Disposed connection to database 'pmjmvgha' on server '' (1ms).
2023-10-07 14:42:41.281 +02:00  DBG  Hosting starting
2023-10-07 14:42:41.380 +02:00  INF  User profile is available. Using 'C:\Users\fdepret\AppData\Local\ASP.NET\DataProtection-Keys' as key repository and Windows DPAPI to encrypt keys at rest.
2023-10-07 14:42:41.384 +02:00  DBG  Reading data from file 'C:\Users\fdepret\AppData\Local\ASP.NET\DataProtection-Keys\key-2ce4c23f-757b-4029-95d3-9c9820e6de80.xml'.
2023-10-07 14:42:41.391 +02:00  DBG  Reading data from file 'C:\Users\fdepret\AppData\Local\ASP.NET\DataProtection-Keys\key-6921759b-a9f9-48ea-a379-13505875271d.xml'.
2023-10-07 14:42:41.391 +02:00  DBG  Reading data from file 'C:\Users\fdepret\AppData\Local\ASP.NET\DataProtection-Keys\key-7c4081c7-f341-4ce9-ad03-d3ea3cf1c21f.xml'.
2023-10-07 14:42:41.392 +02:00  DBG  Reading data from file 'C:\Users\fdepret\AppData\Local\ASP.NET\DataProtection-Keys\key-a038200a-44f7-48da-9d2b-5646ef68d51f.xml'.
2023-10-07 14:42:41.392 +02:00  DBG  Reading data from file 'C:\Users\fdepret\AppData\Local\ASP.NET\DataProtection-Keys\key-a642139e-629a-42ab-b89a-38ed4778f2e0.xml'.
2023-10-07 14:42:41.392 +02:00  DBG  Reading data from file 'C:\Users\fdepret\AppData\Local\ASP.NET\DataProtection-Keys\key-b1a02c3b-a417-45ff-ac5c-986fca4cdd22.xml'.
2023-10-07 14:42:41.392 +02:00  DBG  Reading data from file 'C:\Users\fdepret\AppData\Local\ASP.NET\DataProtection-Keys\key-b5a22f60-a6fe-488b-8048-b8d1034bef7d.xml'.
2023-10-07 14:42:41.393 +02:00  DBG  Reading data from file 'C:\Users\fdepret\AppData\Local\ASP.NET\DataProtection-Keys\key-b8996f88-e69f-41d1-b4d3-e7b15b37a5e2.xml'.
2023-10-07 14:42:41.396 +02:00  DBG  Found key {2ce4c23f-757b-4029-95d3-9c9820e6de80}.
2023-10-07 14:42:41.400 +02:00  DBG  Found key {6921759b-a9f9-48ea-a379-13505875271d}.
2023-10-07 14:42:41.400 +02:00  DBG  Found key {7c4081c7-f341-4ce9-ad03-d3ea3cf1c21f}.
2023-10-07 14:42:41.400 +02:00  DBG  Found key {a038200a-44f7-48da-9d2b-5646ef68d51f}.
2023-10-07 14:42:41.401 +02:00  DBG  Found key {a642139e-629a-42ab-b89a-38ed4778f2e0}.
2023-10-07 14:42:41.401 +02:00  DBG  Found key {b1a02c3b-a417-45ff-ac5c-986fca4cdd22}.
2023-10-07 14:42:41.401 +02:00  DBG  Found key {b5a22f60-a6fe-488b-8048-b8d1034bef7d}.
2023-10-07 14:42:41.401 +02:00  DBG  Found key {b8996f88-e69f-41d1-b4d3-e7b15b37a5e2}.
2023-10-07 14:42:41.406 +02:00  DBG  Considering key {6921759b-a9f9-48ea-a379-13505875271d} with expiration date 2023-11-22 12:55:42Z as default key.
2023-10-07 14:42:41.408 +02:00  DBG  Forwarded activator type request from Microsoft.AspNetCore.DataProtection.XmlEncryption.DpapiXmlDecryptor, Microsoft.AspNetCore.DataProtection, Version=6.0.0.0, Culture=neutral, PublicKeyToken=adb9793829ddae60 to Microsoft.AspNetCore.DataProtection.XmlEncryption.DpapiXmlDecryptor, Microsoft.AspNetCore.DataProtection, Culture=neutral, PublicKeyToken=adb9793829ddae60
2023-10-07 14:42:41.408 +02:00  DBG  Decrypting secret element using Windows DPAPI.
2023-10-07 14:42:41.410 +02:00  DBG  Forwarded activator type request from Microsoft.AspNetCore.DataProtection.AuthenticatedEncryption.ConfigurationModel.AuthenticatedEncryptorDescriptorDeserializer, Microsoft.AspNetCore.DataProtection, Version=6.0.0.0, Culture=neutral, PublicKeyToken=adb9793829ddae60 to Microsoft.AspNetCore.DataProtection.AuthenticatedEncryption.ConfigurationModel.AuthenticatedEncryptorDescriptorDeserializer, Microsoft.AspNetCore.DataProtection, Culture=neutral, PublicKeyToken=adb9793829ddae60
2023-10-07 14:42:41.411 +02:00  DBG  Opening CNG algorithm 'AES' from provider 'null' with chaining mode CBC.
2023-10-07 14:42:41.412 +02:00  DBG  Opening CNG algorithm 'SHA256' from provider 'null' with HMAC.
2023-10-07 14:42:41.414 +02:00  DBG  Using key {6921759b-a9f9-48ea-a379-13505875271d} as the default key.
2023-10-07 14:42:41.414 +02:00  DBG  Key ring with default key {6921759b-a9f9-48ea-a379-13505875271d} was loaded during application startup.
2023-10-07 14:42:41.476 +02:00  DBG  Loaded hosting startup assembly Infeco.Api
2023-10-07 14:42:41.481 +02:00  DBG  Loaded hosting startup assembly Microsoft.AspNetCore.Watch.BrowserRefresh
2023-10-07 14:42:41.481 +02:00  DBG  Loaded hosting startup assembly Microsoft.WebTools.BrowserLink.Net
2023-10-07 14:42:41.481 +02:00  INF  Application started. Press Ctrl+C to shut down.
2023-10-07 14:42:41.482 +02:00  INF  Hosting environment: Development
2023-10-07 14:42:41.482 +02:00  INF  Content root path: C:\Users\fdepret\source\repos\Infeco.api\Infeco.api
2023-10-07 14:42:41.482 +02:00  DBG  Hosting started
2023-10-07 14:42:41.514 +02:00  INF  Request starting HTTP/2 GET https://localhost:44375/index.html - -
2023-10-07 14:42:41.541 +02:00  DBG  Wildcard detected, all requests with hosts will be allowed.
2023-10-07 14:42:41.570 +02:00  DBG  No candidates found for the request path '/index.html'
2023-10-07 14:42:41.570 +02:00  DBG  Request did not match any endpoints
2023-10-07 14:42:41.606 +02:00  DBG  AuthenticationScheme: Bearer was not authenticated.
2023-10-07 14:42:41.708 +02:00  DBG  Response markup is scheduled to include browser refresh script injection.
2023-10-07 14:42:43.858 +02:00  DBG  Response markup was updated to include browser refresh script injection.
2023-10-07 14:42:43.872 +02:00  DBG  Connection ID "18230571314681217037" disconnecting.
2023-10-07 14:42:43.872 +02:00  INF  Request starting HTTP/2 GET https://localhost:44375/_framework/aspnetcore-browser-refresh.js - -
2023-10-07 14:42:43.873 +02:00  INF  Request finished HTTP/2 GET https://localhost:44375/index.html - - - 200 - text/html;charset=utf-8 2359.6940ms
2023-10-07 14:42:43.877 +02:00  DBG  Connection ID "18374686511347007498" disconnecting.
2023-10-07 14:42:43.878 +02:00  INF  Request finished HTTP/2 GET https://localhost:44375/_framework/aspnetcore-browser-refresh.js - - - 200 12352 application/javascript;+charset=utf-8 4.7592ms
2023-10-07 14:42:43.949 +02:00  INF  Request starting HTTP/2 GET https://localhost:44375/swagger/v1/swagger.json - -
2023-10-07 14:42:43.951 +02:00  DBG  No candidates found for the request path '/swagger/v1/swagger.json'
2023-10-07 14:42:43.951 +02:00  DBG  Request did not match any endpoints
2023-10-07 14:42:43.953 +02:00  DBG  AuthenticationScheme: Bearer was not authenticated.
2023-10-07 14:42:44.179 +02:00  DBG  Connection ID "18302628921604046854" disconnecting.
2023-10-07 14:42:44.179 +02:00  INF  Request finished HTTP/2 GET https://localhost:44375/swagger/v1/swagger.json - - - 200 - application/json;charset=utf-8 225.8367ms
